1632
0
1
cd-a 2
1
2
dab-b 2
ehb-b 1
2
3
dgc-c 1
dgj-c 1
fcd-c 2
3
6
cd-d 1
ii-d 2
bcb-d 1
bjg-d 1
cbd-d 1
hcj-d 1
4
1
hic-e 2
5
5
bc-f 1
ff-f 1
jbb-f 1
jcc-f 1
bdjf-f 2
6
5
ehc-g 1
eie-g 1
gic-g 2
iee-g 1
bedj-g 1
7
1
bfa-h 2
8
3
geg-i 2
gie-i 1
bahi-i 1
9
3
ce-j 1
fbj-j 2
heg-j 1
10
1
dhf-ba 2
11
7
cd-bb 1
bae-bb 1
bcb-bb 1
bee-bb 2
bgf-bb 1
bcea-bb 1
bcef-bb 1
12
6
ccj-bc 1
daa-bc 1
ddf-bc 1
dgf-bc 2
hbf-bc 1
baid-bc 1
13
2
cch-bd 1
bejh-bd 2
14
4
fec-be 1
babg-be 1
bbbj-be 1
beai-be 2
15
1
hi-bf 2
16
6
jf-bg 1
fib-bg 1
gge-bg 1
iag-bg 1
baae-bg 1
bdii-bg 2
17
3
hjd-bh 1
ihi-bh 2
bgeh-bh 1
18
5
bc-bi 1
feh-bi 1
fic-bi 2
hej-bi 1
babg-bi 1
19
8
bc-bj 1
ch-bj 1
db-bj 1
dg-bj 1
cii-bj 1
dhf-bj 2
hcj-bj 1
bdbf-bj 1
20
4
cd-ca 1
bai-ca 1
dfg-ca 1
gjh-ca 2
21
3
dcc-cb 1
did-cb 1
edb-cb 2
22
4
ff-cc 1
dgf-cc 2
jgi-cc 1
badc-cc 2
23
6
bhd-cd 1
dbg-cd 2
fae-cd 1
ffb-cd 1
gfa-cd 1
bcaj-cd 1
24
3
ef-ce 1
jag-ce 2
jgf-ce 1
25
4
def-cf 1
eac-cf 2
fhg-cf 1
bbci-cf 1
26
6
bd-cg 2
eh-cg 1
chb-cg 1
deb-cg 1
deg-cg 1
hhc-cg 1
27
6
cd-ch 1
bjd-ch 1
ddb-ch 1
dji-ch 1
hch-ch 1
jgg-ch 2
28
5
gbg-ci 1
hfh-ci 1
hif-ci 1
befi-ci 1
bffg-ci 2
29
3
egd-cj 1
fbi-cj 1
bfgd-cj 2
30
8
ea-da 1
bdf-da 1
bhd-da 1
eej-da 1
fai-da 2
gda-da 1
bcei-da 2
beib-da 1
31
6
bc-db 1
cd-db 1
gi-db 1
cbh-db 1
cfj-db 1
bbde-db 2
32
6
ecg-dc 1
iag-dc 1
iej-dc 2
ifh-dc 1
jbf-dc 1
bbgj-dc 1
33
1
babg-dd 2
34
2
bhe-de 2
eih-de 2
35
5
gc-df 1
ibf-df 1
iei-df 1
igi-df 1
bfgb-df 2
36
7
cee-dg 1
hah-dg 2
bcag-dg 1
bcii-dg 2
bdfc-dg 1
bebe-dg 1
bgfe-dg 1
37
4
db-dh 1
gcd-dh 1
hha-dh 1
bagf-dh 2
38
1
haf-di 2
39
2
ef-dj 2
cbh-dj 2
40
5
cgg-ea 1
eee-ea 1
fda-ea 1
jff-ea 1
jjh-ea 2
41
3
cdi-eb 1
hac-eb 1
bbfc-eb 2
42
5
ci-ec 1
fc-ec 1
fi-ec 1
cdc-ec 2
ege-ec 1
43
4
eb-ed 1
ech-ed 1
bcia-ed 2
bfdc-ed 1
44
3
cfb-ee 2
ejg-ee 1
bacc-ee 2
45
7
bgb-ef 1
bgd-ef 1
cih-ef 1
cij-ef 1
egh-ef 1
ige-ef 2
beeh-ef 1
46
4
bcd-eg 1
cbg-eg 1
ffd-eg 1
ggg-eg 2
47
5
bjb-eh 1
fdd-eh 1
gdh-eh 2
bbei-eh 1
bbfg-eh 1
48
4
cbh-ei 1
jfj-ei 2
bbje-ei 1
bcjf-ei 1
49
3
cd-ej 1
jia-ej 1
baig-ej 2
50
5
bc-fa 1
hg-fa 1
bcb-fa 1
dhe-fa 2
jji-fa 1
51
3
bdc-fb 2
dfa-fb 1
bcch-fb 1
52
5
jb-fc 1
bcj-fc 1
eab-fc 1
fif-fc 1
bfch-fc 2
53
2
dd-fd 2
dhe-fd 2
54
1
jic-fe 2
55
7
gb-ff 2
ic-ff 1
bdf-ff 1
bed-ff 1
cje-ff 1
dbd-ff 1
bdcg-ff 1
56
1
bfaf-fg 2
57
7
d-fh 1
jh-fh 1
bdb-fh 1
ccb-fh 1
jie-fh 1
jjd-fh 1
bejb-fh 2
58
3
fg-fi 1
hee-fi 1
bfdg-fi 2
59
7
ff-fj 1
bea-fj 1
dbg-fj 2
ddg-fj 1
hfh-fj 1
ifd-fj 1
bcha-fj 1
60
6
bi-ga 1
cg-ga 1
cih-ga 1
dac-ga 1
eah-ga 1
fga-ga 2
61
2
bbeb-gb 1
bbjc-gb 2
62
5
j-gc 1
bga-gc 1
eie-gc 1
gge-gc 2
bdfa-gc 1
63
5
cfj-gd 1
dai-gd 1
daj-gd 1
icd-gd 1
bfgc-gd 2
64
1
g-ge 2
65
1
cgh-gf 2
66
5
cdh-gg 1
idf-gg 1
jdj-gg 1
jhg-gg 1
bfjf-gg 2
67
1
bddh-gh 2
68
3
ch-gi 1
cbe-gi 1
bcff-gi 2
69
3
edh-gj 1
gjj-gj 2
baad-gj 1
70
3
db-ha 2
bda-ha 1
ecc-ha 1
71
2
efh-hb 2
iaa-hb 1
72
3
cif-hc 1
dbf-hc 1
ejc-hc 2
74
7
hc-he 1
bcd-he 1
bgi-he 1
gig-he 1
gij-he 1
bcjc-he 2
bebb-he 1
75
4
da-hf 1
dah-hf 1
hie-hf 2
bdbc-hf 1
76
4
bja-hg 2
cgj-hg 1
dfj-hg 1
gbd-hg 1
77
7
bdh-hh 1
bjb-hh 1
caa-hh 1
cae-hh 1
gcj-hh 2
jae-hh 1
beic-hh 1
78
3
iba-hi 2
ihf-hi 1
baec-hi 2
79
2
gfg-hj 1
jfc-hj 2
80
2
bdjd-ia 1
bfeh-ia 2
81
4
dad-ib 1
dea-ib 1
ghd-ib 2
gia-ib 1
82
2
fdf-ic 1
bedh-ic 2
83
4
ej-id 1
eab-id 2
ebd-id 1
gbg-id 1
84
4
dej-ie 2
eeh-ie 2
fbb-ie 2
haj-ie 2
85
2
bcge-if 2
bfce-if 1
86
1
baif-ig 2
87
3
bba-ih 1
cgh-ih 2
bcfj-ih 1
88
6
chf-ii 2
dgc-ii 1
eig-ii 1
bacd-ii 1
bacj-ii 1
bgfi-ii 1
89
4
bcd-ij 2
dbi-ij 1
fbc-ij 1
ife-ij 1
90
2
bei-ja 1
hij-ja 2
91
2
bc-jb 2
bhe-jb 2
92
6
hj-jc 1
fci-jc 1
gbe-jc 1
gii-jc 1
babi-jc 2
bbjg-jc 1
93
2
cae-jd 2
fhj-jd 2
94
6
bi-je 1
bbi-je 1
bfc-je 2
fcf-je 1
gdf-je 1
bfgb-je 1
95
3
dfc-jf 1
gbd-jf 2
iae-jf 1
96
3
ec-jg 1
beb-jg 1
daf-jg 2
97
6
ei-jh 1
dai-jh 1
ecj-jh 1
hib-jh 1
bbfg-jh 2
bcbf-jh 1
98
5
gbe-ji 1
idd-ji 1
bccj-ji 1
bdjh-ji 2
beaa-ji 1
99
3
dej-jj 1
fgf-jj 1
bcee-jj 2
100
4
bfg-baa 1
dig-baa 2
efg-baa 1
fhg-baa 1
101
4
chf-bab 2
ede-bab 1
eic-bab 1
jhg-bab 1
102
4
da-bac 1
hj-bac 1
bfe-bac 2
gja-bac 1
103
3
bfi-bad 1
bha-bad 1
jid-bad 2
104
4
cd-bae 1
ceg-bae 1
dgj-bae 1
bdga-bae 2
105
5
cj-baf 1
bcb-baf 1
cbg-baf 1
cgb-baf 1
bdbh-baf 2
106
6
dad-bag 1
ede-bag 1
fic-bag 1
baab-bag 1
bbfi-bag 1
bfce-bag 2
107
6
ddf-bah 1
deg-bah 1
gjh-bah 2
hbf-bah 1
ifd-bah 1
bbcc-bah 1
108
2
bda-bai 1
cfj-bai 2
109
6
db-baj 1
eg-baj 2
bda-baj 1
chf-baj 1
cjg-baj 1
ddb-baj 1
110
5
hi-bba 1
je-bba 1
dic-bba 1
fbe-bba 1
gdc-bba 2
111
4
d-bbb 1
bdh-bbb 1
edb-bbb 1
fdh-bbb 2
112
4
chf-bbc 2
dgb-bbc 1
gbg-bbc 1
jje-bbc 1
113
2
bja-bbd 2
gca-bbd 2
114
3
cb-bbe 1
cie-bbe 1
ehd-bbe 2
115
5
fj-bbf 1
bei-bbf 2
bej-bbf 1
dfc-bbf 1
bage-bbf 1
116
6
eg-bbg 1
cbd-bbg 1
eba-bbg 1
gdc-bbg 1
iff-bbg 2
bbbj-bbg 1
117
3
ehi-bbh 1
gjh-bbh 1
bacc-bbh 2
118
8
ib-bbi 1
beb-bbi 1
cbb-bbi 1
cea-bbi 1
gfd-bbi 1
ige-bbi 1
bech-bbi 1
beeh-bbi 2
119
5
eh-bbj 1
fag-bbj 2
ige-bbj 1
baja-bbj 1
bbag-bbj 1
120
6
cc-bca 1
bae-bca 1
cji-bca 2
eae-bca 2
gae-bca 1
gaf-bca 1
121
4
fba-bcb 2
bbdg-bcb 1
bbgc-bcb 1
bdea-bcb 1
122
5
jg-bcc 1
hgb-bcc 1
bbab-bcc 1
bbff-bcc 2
bebg-bcc 1
123
4
ddj-bcd 1
eed-bcd 2
iie-bcd 1
jec-bcd 1
124
8
bb-bce 1
bi-bce 1
gc-bce 1
ccc-bce 1
edi-bce 1
fed-bce 1
gef-bce 2
bagd-bce 1
125
4
cea-bcf 2
ddj-bcf 1
deg-bcf 1
gih-bcf 1
126
6
g-bcg 2
bhj-bcg 1
cah-bcg 1
dbg-bcg 2
dgg-bcg 1
hcj-bcg 1
127
6
bfc-bch 1
dfd-bch 1
ecb-bch 1
fbh-bch 1
gad-bch 2
bgbf-bch 1
128
7
fi-bci 1
bbc-bci 1
bbf-bci 1
fag-bci 1
bagb-bci 1
bbhe-bci 2
bcbc-bci 1
129
7
bah-bcj 1
bbf-bcj 1
cjg-bcj 1
cjh-bcj 1
eac-bcj 1
icj-bcj 1
iff-bcj 2
130
6
eh-bda 1
ia-bda 1
dfj-bda 1
dhg-bda 1
fbe-bda 1
ffa-bda 2
131
8
bfc-bdb 1
bhb-bdb 1
cda-bdb 1
deh-bdb 1
djh-bdb 1
efd-bdb 2
fib-bdb 1
jbg-bdb 1
132
9
bec-bdc 1
cfc-bdc 1
fdc-bdc 1
fee-bdc 2
jbg-bdc 1
bbah-bdc 1
bbfe-bdc 1
bbjh-bdc 1
bfea-bdc 1
133
5
bja-bdd 1
bjf-bdd 1
efa-bdd 1
bcgc-bdd 2
bece-bdd 1
134
6
bba-bde 1
bdh-bde 1
gge-bde 2
hhi-bde 1
iah-bde 2
beec-bde 1
135
6
hc-bdf 1
bhe-bdf 1
gbf-bdf 1
gea-bdf 1
hcg-bdf 2
bbab-bdf 1
136
7
ch-bdg 1
cha-bdg 1
dhi-bdg 1
djj-bdg 1
jdg-bdg 1
bahh-bdg 2
bbij-bdg 1
137
4
ce-bdh 1
edg-bdh 1
feh-bdh 1
jjg-bdh 2
138
6
gci-bdi 1
ich-bdi 1
iic-bdi 2
jbe-bdi 1
bcfj-bdi 1
bffi-bdi 1
139
6
geh-bdj 2
hhc-bdj 1
igb-bdj 1
igg-bdj 1
jfe-bdj 1
bbbh-bdj 1
140
3
dgb-bea 1
dgc-bea 2
fif-bea 1
141
7
fe-beb 1
cbg-beb 1
dci-beb 1
djg-beb 1
edh-beb 1
ffd-beb 1
hia-beb 2
142
8
hj-bec 1
ii-bec 1
bdh-bec 1
eei-bec 1
hea-bec 2
hff-bec 1
ica-bec 1
bdei-bec 1
143
5
cd-bed 2
cfa-bed 1
feh-bed 1
ica-bed 1
begd-bed 1
144
4
dfg-bee 1
gjd-bee 1
bbej-bee 1
bgbe-bee 2
145
4
bjd-bef 1
dai-bef 2
fgj-bef 1
jei-bef 1
146
5
ea-beg 1
bef-beg 2
bja-beg 1
fei-beg 1
hgd-beg 1
147
9
ef-beh 1
hi-beh 1
ih-beh 1
bab-beh 1
ccg-beh 1
cia-beh 1
gdd-beh 1
ieh-beh 2
jbj-beh 1
148
5
fge-bei 1
jbi-bei 1
jca-bei 2
bcgi-bei 1
becg-bei 1
149
5
bdb-bej 1
bec-bej 1
cdi-bej 1
dbi-bej 1
fif-bej 2
150
5
cdf-bfa 1
cjd-bfa 2
ddd-bfa 1
egg-bfa 1
ifi-bfa 1
151
2
fda-bfb 1
bdji-bfb 2
152
8
cei-bfc 1
dcb-bfc 2
dhb-bfc 1
fbb-bfc 1
fcb-bfc 1
gbi-bfc 1
ifh-bfc 1
bafi-bfc 1
153
3
cie-bfd 1
haa-bfd 2
jgi-bfd 1
154
5
cgh-bfe 1
dch-bfe 2
gbc-bfe 1
hff-bfe 1
baea-bfe 1
155
4
eec-bff 2
fdh-bff 1
gfe-bff 1
bcie-bff 1
156
7
be-bfg 1
fh-bfg 1
hj-bfg 1
bef-bfg 1
efi-bfg 1
hhe-bfg 1
bgac-bfg 2
157
4
bae-bfh 1
baf-bfh 1
eaa-bfh 2
gcj-bfh 1
158
7
ecj-bfi 1
gaa-bfi 1
ich-bfi 1
idg-bfi 1
jhe-bfi 1
bacf-bfi 1
bgci-bfi 2
159
5
bii-bfj 1
ded-bfj 1
gce-bfj 1
gif-bfj 1
jjj-bfj 2
160
2
efe-bga 1
hbd-bga 2
161
6
cgc-bgb 1
dff-bgb 1
hea-bgb 2
bahe-bgb 1
bcga-bgb 1
bedd-bgb 1
162
6
fd-bgc 1
cff-bgc 1
cgd-bgc 1
ehc-bgc 1
ffi-bgc 1
bdeh-bgc 2
163
5
f-bgd 1
gd-bgd 1
dbj-bgd 1
edg-bgd 2
bgdh-bgd 1
164
3
d-bge 1
hci-bge 2
jif-bge 2
165
4
bd-bgf 1
bie-bgf 1
iaa-bgf 2
baih-bgf 1
166
6
id-bgg 1
ehg-bgg 2
heh-bgg 1
babe-bgg 1
bcaa-bgg 2
bdde-bgg 1
167
5
be-bgh 1
cej-bgh 1
cgg-bgh 1
dbg-bgh 2
bfgh-bgh 1
168
8
bc-bgi 1
baa-bgi 1
bhh-bgi 1
cbi-bgi 1
cej-bgi 1
daj-bgi 2
dda-bgi 1
eij-bgi 1
169
5
djh-bgj 1
hbh-bgj 1
hch-bgj 2
jai-bgj 1
bffe-bgj 1
170
6
bi-bha 1
gi-bha 2
bde-bha 1
bff-bha 1
ddd-bha 1
edd-bha 1
171
5
ih-bhb 1
cda-bhb 1
fcb-bhb 1
hhd-bhb 2
bfbi-bhb 1
172
6
bfe-bhc 1
edf-bhc 1
eje-bhc 1
gfg-bhc 1
bagf-bhc 1
bbfd-bhc 2
173
4
hj-bhd 1
bcb-bhd 1
eed-bhd 2
gii-bhd 1
174
5
bgj-bhe 1
cfe-bhe 1
chd-bhe 1
daa-bhe 2
ebi-bhe 1
175
5
ca-bhf 1
bci-bhf 2
dgi-bhf 1
ech-bhf 1
jga-bhf 1
176
6
baf-bhg 1
bci-bhg 1
cdi-bhg 2
cfi-bhg 1
iga-bhg 1
babb-bhg 1
177
3
bai-bhh 1
cch-bhh 1
efe-bhh 2
178
5
cdb-bhi 1
eaj-bhi 2
gbb-bhi 1
ibh-bhi 1
bacb-bhi 1
179
6
cb-bhj 1
hg-bhj 1
fha-bhj 1
ghd-bhj 1
hbc-bhj 1
bafb-bhj 2
180
4
hi-bia 1
bjg-bia 1
cch-bia 2
dac-bia 1
181
3
eae-bib 2
fhc-bib 1
hjj-bib 1
182
3
baa-bic 2
eee-bic 1
hdc-bic 1
183
4
bef-bid 2
beh-bid 2
dec-bid 1
bajd-bid 1
184
11
bae-bie 1
bbc-bie 1
bcc-bie 1
bde-bie 1
bef-bie 1
cdc-bie 1
cfe-bie 1
dbe-bie 1
eig-bie 1
hdd-bie 2
bcai-bie 1
185
5
je-bif 1
cji-bif 1
babf-bif 1
bahf-bif 1
bgcg-bif 2
186
2
deg-big 2
bdde-big 1
187
4
ccj-bih 1
dcf-bih 1
hef-bih 1
bcff-bih 2
188
5
bga-bii 1
caj-bii 1
dfa-bii 1
ejd-bii 1
bcej-bii 2
189
6
ba-bij 1
bcj-bij 1
cha-bij 2
cia-bij 1
eab-bij 1
gfi-bij 1
190
3
dca-bja 2
ded-bja 1
dig-bja 1
191
4
db-bjb 1
fed-bjb 1
bbee-bjb 2
bcdb-bjb 1
192
5
eia-bjc 1
ggh-bjc 1
ibe-bjc 1
baad-bjc 2
bagc-bjc 1
193
3
bij-bjd 1
ghb-bjd 1
hdg-bjd 2
194
4
cga-bje 1
dgf-bje 1
ecd-bje 2
eja-bje 1
195
6
ecg-bjf 1
hic-bjf 1
hie-bjf 1
hii-bjf 1
baff-bjf 2
bccc-bjf 1
196
3
df-bjg 1
cec-bjg 1
dih-bjg 2
197
5
cd-bjh 2
bcb-bjh 1
djg-bjh 1
gfd-bjh 1
jeb-bjh 1
198
1
beeb-bji 2
199
4
edg-bjj 1
gci-bjj 1
jhe-bjj 1
baad-bjj 2
200
5
djj-caa 2
ecb-caa 1
hfg-caa 1
jgd-caa 1
bafd-caa 1
201
6
bdg-cab 2
bef-cab 1
cjd-cab 1
daf-cab 1
jbg-cab 1
jca-cab 1
202
5
cgd-cac 1
dbf-cac 2
djc-cac 1
fid-cac 1
bbdh-cac 1
203
3
edd-cad 1
ege-cad 2
icg-cad 2
204
8
bcb-cae 2
bea-cae 1
cci-cae 1
chb-cae 1
gdi-cae 1
hhb-cae 1
jcd-cae 1
bccg-cae 1
205
2
gag-caf 1
bafb-caf 2
206
3
cie-cag 2
ebb-cag 1
fbi-cag 1
207
6
ih-cah 1
cce-cah 1
fac-cah 1
fde-cah 1
bahc-cah 1
bebe-cah 2
208
1
jda-cai 2
209
4
jh-caj 1
eba-caj 1
eji-caj 2
ghh-caj 2
210
4
bfi-cba 1
bbjf-cba 2
bccb-cba 1
bgdd-cba 1
211
5
be-cbb 1
ca-cbb 1
da-cbb 1
cge-cbb 2
ihc-cbb 1
212
2
efg-cbc 2
bcdg-cbc 1
213
8
bif-cbd 1
cec-cbd 1
chb-cbd 1
eag-cbd 1
ehe-cbd 1
jej-cbd 1
jfc-cbd 2
bcdc-cbd 1
214
1
bbcc-cbe 2
215
2
bff-cbf 2
cdj-cbf 1
216
4
bdg-cbg 1
hjj-cbg 1
bbfi-cbg 1
becj-cbg 2
217
5
ej-cbh 1
bfg-cbh 1
bhi-cbh 2
caj-cbh 1
jhi-cbh 1
218
2
ebh-cbi 1
ede-cbi 2
219
5
db-cbj 1
hi-cbj 1
dcf-cbj 1
gjj-cbj 2
jec-cbj 1
220
5
bbi-cca 1
eea-cca 1
ehi-cca 1
ihg-cca 1
bbdb-cca 2
221
6
d-ccb 1
bjj-ccb 1
ddd-ccb 2
eig-ccb 1
ejj-ccb 1
jeh-ccb 2
222
3
eag-ccc 1
jfh-ccc 2
bcda-ccc 1
223
6
cjf-ccd 1
dhh-ccd 1
eae-ccd 1
ecd-ccd 1
feh-ccd 1
bajb-ccd 2
224
4
bdc-cce 1
daf-cce 1
hdf-cce 1
bceh-cce 2
225
7
ga-ccf 1
dca-ccf 1
ghd-ccf 1
hcc-ccf 1
ihi-ccf 2
jeg-ccf 1
bfdd-ccf 1
226
5
bih-ccg 1
hde-ccg 1
hjh-ccg 1
ide-ccg 1
bahi-ccg 2
227
3
egd-cch 2
ice-cch 1
baaf-cch 1
228
3
haf-cci 1
bbfd-cci 1
bgbg-cci 2
229
6
j-ccj 1
bch-ccj 1
cch-ccj 1
eeb-ccj 1
gdf-ccj 1
hji-ccj 2
230
3
dd-cda 1
ejd-cda 2
jae-cda 1
231
4
bff-cdb 1
ejg-cdb 2
fcf-cdb 1
jaa-cdb 1
232
6
eb-cdc 1
ccj-cdc 1
ddj-cdc 2
fad-cdc 1
gac-cdc 1
hjg-cdc 1
233
2
db-cdd 1
bebi-cdd 2
234
7
bi-cde 1
bj-cde 1
bjb-cde 1
fff-cde 1
gge-cde 1
hhb-cde 2
bdia-cde 1
235
5
bhj-cdf 1
dfa-cdf 1
fjc-cdf 2
iee-cdf 1
badh-cdf 1
236
6
bdf-cdg 1
cid-cdg 1
dff-cdg 2
eif-cdg 1
gcf-cdg 1
bfjd-cdg 1
237
3
gd-cdh 1
gfd-cdh 1
bbja-cdh 2
238
4
j-cdi 1
deb-cdi 1
jbc-cdi 1
beha-cdi 2
239
3
chh-cdj 1
ega-cdj 2
hgg-cdj 1
240
6
be-cea 1
cac-cea 1
cfi-cea 1
che-cea 1
gbi-cea 1
jaj-cea 2
241
6
bch-ceb 1
bfj-ceb 1
cii-ceb 1
dfe-ceb 1
dhh-ceb 1
bdea-ceb 2
242
4
bad-cec 1
bbc-cec 1
bdg-cec 1
bajb-cec 2
243
3
cah-ced 1
efg-ced 1
bbgc-ced 2
244
3
ic-cee 2
eej-cee 1
jhc-cee 1
245
4
bfi-cef 1
bha-cef 2
dab-cef 1
bbec-cef 1
246
4
bfa-ceg 1
cah-ceg 2
gdg-ceg 1
iag-ceg 1
247
4
bje-ceh 1
cic-ceh 1
eeg-ceh 2
gdd-ceh 2
248
5
bfb-cei 1
ddf-cei 1
dgf-cei 1
ehj-cei 1
fhi-cei 2
249
8
bh-cej 2
ef-cej 1
bda-cej 1
dif-cej 1
gig-cej 1
jej-cej 1
bbee-cej 1
bbeg-cej 1
250
5
eb-cfa 1
gei-cfa 1
hdi-cfa 1
ice-cfa 1
bdhb-cfa 2
251
7
g-cfb 1
fc-cfb 1
cea-cfb 1
fgg-cfb 1
fhe-cfb 2
gje-cfb 1
baga-cfb 1
252
3
eca-cfc 1
gef-cfc 2
ieg-cfc 1
253
6
a-cfd 1
ccg-cfd 1
cje-cfd 1
geb-cfd 1
bcdh-cfd 1
bchd-cfd 2
254
2
jf-cfe 1
ijc-cfe 2
255
5
egj-cff 1
ejg-cff 2
hda-cff 1
hjf-cff 1
bafc-cff 1
256
4
ej-cfg 1
gic-cfg 1
bbdg-cfg 2
bfdb-cfg 1
257
7
baj-cfh 1
bee-cfh 1
cid-cfh 1
cie-cfh 2
fjh-cfh 1
gbg-cfh 1
bbee-cfh 1
258
5
chd-cfi 1
dhi-cfi 2
eec-cfi 1
badf-cfi 1
bcfi-cfi 1
259
6
bd-cfj 1
fh-cfj 1
beb-cfj 1
cfi-cfj 2
dib-cfj 1
efb-cfj 1
260
6
bhb-cga 1
cah-cga 1
cgd-cga 1
chf-cga 1
chj-cga 1
bcjf-cga 2
261
4
da-cgb 2
deb-cgb 1
dhd-cgb 1
gdf-cgb 1
262
5
ee-cgc 1
fji-cgc 1
hdb-cgc 1
hfc-cgc 1
ica-cgc 2
263
6
bec-cgd 1
dcf-cgd 2
dcj-cgd 1
bafd-cgd 1
bafi-cgd 1
bajg-cgd 1
264
5
fh-cge 1
bba-cge 1
bfc-cge 2
cci-cge 1
hai-cge 1
265
4
fcc-cgf 1
gie-cgf 1
ibe-cgf 1
bgbh-cgf 2
266
5
bdh-cgg 1
bii-cgg 1
dib-cgg 1
fhc-cgg 2
bgae-cgg 1
267
5
hc-cgh 1
cag-cgh 1
hif-cgh 1
babb-cgh 1
bdhc-cgh 2
268
5
ia-cgi 1
daf-cgi 1
djh-cgi 1
fdh-cgi 1
baaa-cgi 2
269
4
dgg-cgj 1
eag-cgj 1
fei-cgj 1
ifi-cgj 2
270
6
bhi-cha 1
dcb-cha 1
dhj-cha 1
egj-cha 1
ged-cha 2
gfh-cha 1
271
3
eci-chb 1
fff-chb 1
bcbi-chb 2
272
4
hba-chc 1
jfb-chc 1
jhd-chc 2
bbfj-chc 1
273
4
cjc-chd 1
dfj-chd 1
ebh-chd 1
bfbg-chd 2
274
2
dbj-che 1
befj-che 2
275
5
did-chf 1
eca-chf 2
ehb-chf 1
fch-chf 1
hfb-chf 1
276
3
edh-chg 1
hja-chg 1
iab-chg 2
277
2
ca-chh 2
cid-chh 2
278
6
bbc-chi 2
cee-chi 1
hga-chi 1
ibj-chi 1
jeh-chi 1
bbea-chi 1
279
6
fg-chj 1
jg-chj 1
bgh-chj 1
dia-chj 1
fjd-chj 1
hhi-chj 2
280
4
jj-cia 1
cce-cia 1
eie-cia 2
jej-cia 1
281
5
hh-cib 1
eha-cib 2
bcce-cib 1
bdhb-cib 1
bdhh-cib 1
282
3
bbi-cic 1
dhi-cic 2
igc-cic 1
283
11
bdh-cid 1
bii-cid 1
cab-cid 1
cjb-cid 2
dfa-cid 1
dfd-cid 1
ebi-cid 1
ehb-cid 1
fcf-cid 1
fic-cid 1
hgg-cid 1
284
3
gg-cie 1
bih-cie 1
jfi-cie 2
285
8
dae-cif 1
dcb-cif 1
dgb-cif 1
gfe-cif 1
idd-cif 1
baed-cif 1
bbai-cif 1
bcja-cif 2
286
5
dge-cig 1
eef-cig 1
hbj-cig 2
hdd-cig 1
bbac-cig 1
287
2
cda-cih 1
icg-cih 2
288
6
gc-cii 1
cah-cii 1
dad-cii 1
gbi-cii 1
ggd-cii 1
baha-cii 2
289
3
ch-cij 1
bgi-cij 1
dgf-cij 2
290
5
ead-cja 1
ehg-cja 1
hcj-cja 2
ija-cja 1
bcaa-cja 2
291
3
jbi-cjb 1
bagh-cjb 1
beba-cjb 2
292
4
db-cjc 1
bada-cjc 1
bcih-cjc 1
bfgi-cjc 2
293
2
eje-cjd 1
bdaa-cjd 2
294
3
bbi-cje 1
cea-cje 2
fje-cje 1
295
2
cgb-cjf 1
dba-cjf 2
296
1
cgb-cjg 2
297
4
da-cjh 1
he-cjh 1
hhf-cjh 1
jfd-cjh 2
298
6
id-cji 1
bee-cji 1
dbj-cji 1
hbd-cji 1
bdce-cji 2
bdcg-cji 1
299
6
cc-cjj 1
bgh-cjj 1
fci-cjj 1
jah-cjj 2
bcie-cjj 1
bfeb-cjj 1
300
6
fh-daa 1
ih-daa 1
edd-daa 1
jjb-daa 1
bbhc-daa 1
bfde-daa 2
301
6
hi-dab 2
bef-dab 1
cjh-dab 1
ede-dab 1
icf-dab 1
bace-dab 1
302
5
de-dac 1
bgi-dac 1
dce-dac 1
fgc-dac 1
iid-dac 2
303
4
dab-dad 1
gcb-dad 1
gfd-dad 2
gfe-dad 1
304
4
ebf-dae 1
fce-dae 1
baaa-dae 1
bcib-dae 2
305
7
cha-daf 1
fbb-daf 1
jae-daf 1
badi-daf 2
bdag-daf 1
bdcb-daf 1
bddb-daf 1
306
3
eb-dag 1
jg-dag 1
hcd-dag 2
307
3
ehc-dah 2
ggg-dah 2
ihj-dah 1
308
5
chh-dai 1
ebd-dai 1
ejb-dai 1
bafa-dai 1
bchi-dai 2
309
6
dce-daj 1
dhe-daj 1
ebb-daj 1
fae-daj 1
fhj-daj 1
geh-daj 2
310
3
bff-dba 1
gdh-dba 1
hhj-dba 2
311
4
cjb-dbb 1
dfc-dbb 1
dgi-dbb 1
eaa-dbb 2
312
2
dah-dbc 1
hca-dbc 2
313
5
bbg-dbd 1
bfg-dbd 1
ceg-dbd 1
gcb-dbd 2
bdjf-dbd 1
314
3
dac-dbe 1
dfh-dbe 1
bcaf-dbe 2
315
7
ei-dbf 1
dac-dbf 1
eid-dbf 1
gdc-dbf 1
gib-dbf 2
baad-dbf 1
bbcb-dbf 1
316
3
dab-dbg 1
ffg-dbg 1
iag-dbg 2
317
5
caa-dbh 1
cdb-dbh 1
cid-dbh 1
fha-dbh 2
gfj-dbh 1
318
5
ch-dbi 1
edd-dbi 2
eia-dbi 1
fah-dbi 1
bcaa-dbi 1
319
6
bb-dbj 1
cg-dbj 1
cgb-dbj 1
dad-dbj 1
dhd-dbj 2
gjf-dbj 1
320
5
a-dca 1
bda-dca 1
jbi-dca 2
badg-dca 1
bdii-dca 1
321
6
fi-dcb 1
eda-dcb 1
efg-dcb 1
gad-dcb 2
gbj-dcb 1
jia-dcb 1
322
9
di-dcc 1
cdd-dcc 1
chf-dcc 1
ddf-dcc 1
eie-dcc 1
fbb-dcc 1
gdi-dcc 1
heg-dcc 1
jah-dcc 2
323
3
cg-dcd 2
cfg-dcd 1
gda-dcd 1
324
3
cce-dce 1
ebg-dce 1
jef-dce 2
325
5
bhe-dcf 1
cgb-dcf 1
fce-dcf 1
fea-dcf 1
bbja-dcf 2
326
2
cd-dcg 1
dca-dcg 2
327
4
dh-dch 1
cjc-dch 1
jai-dch 2
bdgc-dch 1
328
5
cge-dci 1
dae-dci 1
ddg-dci 1
ehi-dci 1
bcef-dci 2
329
5
bde-dcj 1
dbj-dcj 1
dhd-dcj 1
jcg-dcj 2
begb-dcj 1
330
4
bjj-dda 2
cea-dda 1
dai-dda 1
fjj-dda 1
331
6
cjb-ddb 1
ddd-ddb 1
eig-ddb 1
bbdj-ddb 1
bcea-ddb 1
bdge-ddb 2
332
5
ia-ddc 1
beg-ddc 1
bja-ddc 1
dac-ddc 1
bfjb-ddc 2
333
4
bci-ddd 1
gfa-ddd 1
hed-ddd 1
beef-ddd 2
334
8
d-dde 1
bbj-dde 1
dbe-dde 1
ejf-dde 1
fbe-dde 1
gaa-dde 1
ghh-dde 2
ifj-dde 1
335
7
eb-ddf 1
id-ddf 1
jh-ddf 1
bei-ddf 1
chf-ddf 1
eij-ddf 1
fcf-ddf 2
336
3
cdi-ddg 1
cgc-ddg 1
eid-ddg 2
337
4
ef-ddh 1
baa-ddh 2
ech-ddh 1
edi-ddh 1
338
6
ef-ddi 1
bjc-ddi 1
cfa-ddi 1
ehd-ddi 2
fib-ddi 1
jja-ddi 1
339
6
ccd-ddj 1
dia-ddj 1
ecg-ddj 2
ehi-ddj 1
haa-ddj 1
ihj-ddj 1
340
6
bgi-dea 1
dia-dea 1
ebe-dea 1
edh-dea 1
ejd-dea 2
ief-dea 1
341
5
cbi-deb 2
fei-deb 1
hfg-deb 1
hgj-deb 1
hha-deb 1
342
5
ba-dec 1
bg-dec 1
bfg-dec 2
fdc-dec 1
bcgh-dec 1
343
5
ddc-ded 1
gij-ded 1
ihf-ded 2
jab-ded 1
bdbb-ded 1
344
3
cia-dee 1
dej-dee 1
fji-dee 2
345
3
ceb-def 1
jfi-def 2
bajh-def 1
346
5
cdh-deg 1
cfb-deg 1
eec-deg 1
fhd-deg 2
hia-deg 1
347
4
dj-deh 2
gcf-deh 1
ifa-deh 1
iji-deh 1
348
1
fif-dei 2
349
4
dif-dej 1
fda-dej 1
babg-dej 1
bcah-dej 2
350
5
bfb-dfa 1
eai-dfa 1
ege-dfa 1
fie-dfa 2
hab-dfa 1
351
3
e-dfb 2
bde-dfb 1
ehb-dfb 1
352
5
ca-dfc 1
eb-dfc 1
ddc-dfc 1
fgg-dfc 1
fgj-dfc 2
353
6
da-dfd 1
bga-dfd 1
gcb-dfd 1
idj-dfd 2
bbae-dfd 1
bfcc-dfd 1
354
4
ii-dfe 1
ejd-dfe 1
baac-dfe 2
badc-dfe 1
355
5
gie-dff 1
heg-dff 1
hii-dff 2
ife-dff 1
jha-dff 1
356
3
cdj-dfg 1
dhf-dfg 1
eib-dfg 2
357
5
hg-dfh 1
fee-dfh 1
fhb-dfh 2
bbcb-dfh 1
beci-dfh 1
358
3
egd-dfi 1
hgh-dfi 2
baac-dfi 1
359
3
eb-dfj 1
ejd-dfj 1
bbah-dfj 2
360
5
g-dga 1
cb-dga 1
dgi-dga 1
fff-dga 1
bcdg-dga 2
361
1
bcae-dgb 2
362
5
bc-dgc 1
fib-dgc 1
jic-dgc 2
jja-dgc 1
bdbb-dgc 1
363
7
bfa-dgd 1
ebc-dgd 1
feh-dgd 1
ifb-dgd 1
badi-dgd 1
bajj-dgd 1
bbjf-dgd 2
364
6
dc-dge 1
ef-dge 1
hcj-dge 1
ifc-dge 1
bccf-dge 2
beaa-dge 1
365
4
dhf-dgf 1
jfj-dgf 1
bbba-dgf 2
bffd-dgf 1
366
2
bg-dgg 2
bced-dgg 2
367
1
idi-dgh 2
368
5
bbf-dgi 1
ceb-dgi 1
cgg-dgi 1
deb-dgi 2
ibf-dgi 1
369
4
gg-dgj 2
bea-dgj 1
ghb-dgj 1
bcab-dgj 1
370
3
dji-dha 2
ecg-dha 1
jhi-dha 1
371
3
d-dhb 1
ebh-dhb 1
bajb-dhb 2
372
7
ccd-dhc 1
dbg-dhc 2
dfg-dhc 1
jii-dhc 1
bbce-dhc 1
bbed-dhc 1
bdab-dhc 1
373
6
cdi-dhd 1
dgh-dhd 1
fhc-dhd 1
hfh-dhd 1
ije-dhd 1
baeg-dhd 2
374
6
dca-dhe 1
ehb-dhe 1
ieg-dhe 1
bbhb-dhe 1
bbhi-dhe 2
bbii-dhe 1
375
5
bcf-dhf 1
cjd-dhf 1
ebj-dhf 1
ich-dhf 1
baga-dhf 2
376
4
bfe-dhg 2
ida-dhg 1
beab-dhg 1
begf-dhg 1
377
5
bbb-dhh 1
bbh-dhh 1
dgf-dhh 1
gbg-dhh 1
bdac-dhh 2
378
6
ebh-dhi 1
fhf-dhi 1
fjf-dhi 1
ihg-dhi 2
bbbb-dhi 1
bcab-dhi 1
379
7
ddj-dhj 2
ecj-dhj 1
fce-dhj 1
icc-dhj 1
idc-dhj 1
idf-dhj 1
begh-dhj 1
380
4
bdc-dia 1
ecg-dia 2
hge-dia 1
jcc-dia 1
381
4
bgg-dib 1
cfd-dib 1
dhj-dib 2
ffd-dib 1
382
8
fh-dic 1
hc-dic 1
dih-dic 1
ebi-dic 1
edj-dic 2
hhd-dic 1
jff-dic 1
bbgj-dic 1
383
6
bab-did 2
bgj-did 1
ccj-did 1
dhg-did 1
eii-did 1
hid-did 1
384
6
dci-die 1
fac-die 1
fea-die 1
fig-die 1
jeb-die 1
baag-die 2
385
1
bbdh-dif 2
386
3
edj-dig 1
fcd-dig 2
hih-dig 1
387
2
fdg-dih 2
bbjg-dih 1
388
2
bage-dii 2
bdeg-dii 1
389
5
cga-dij 1
eai-dij 1
hhe-dij 1
ici-dij 2
bacf-dij 1
390
2
bhe-dja 2
bdhi-dja 2
391
2
eee-djb 1
jjj-djb 2
392
3
dba-djc 1
ddi-djc 1
jaj-djc 2
393
5
cie-djd 1
ifd-djd 2
jdd-djd 1
jif-djd 1
bejh-djd 1
394
7
he-dje 1
bbj-dje 1
dbh-dje 1
dbi-dje 1
ddc-dje 1
hag-dje 1
beaj-dje 2
395
1
eha-djf 2
396
7
baa-djg 1
bcc-djg 1
cji-djg 1
efi-djg 1
hca-djg 2
jbc-djg 1
bceg-djg 1
397
9
bdh-djh 1
bif-djh 1
cjc-djh 2
djb-djh 1
ebi-djh 1
gai-djh 1
gdg-djh 1
bdef-djh 1
beca-djh 1
398
4
cha-dji 1
cic-dji 1
hhj-dji 2
bahj-dji 1
399
6
bbc-djj 1
caj-djj 1
dda-djj 1
dec-djj 1
egi-djj 1
jib-djj 2
400
7
bee-eaa 2
bif-eaa 1
eji-eaa 1
ghi-eaa 1
hbg-eaa 1
hjj-eaa 1
jbb-eaa 1
401
4
fh-eab 1
chi-eab 1
bbga-eab 2
bdha-eab 1
402
5
bcc-eac 1
big-eac 1
cej-eac 2
jhi-eac 1
bagg-eac 1
403
4
dj-ead 1
caf-ead 2
chj-ead 1
dce-ead 1
404
7
bic-eae 1
edd-eae 1
fed-eae 1
fhi-eae 1
gai-eae 1
gdc-eae 1
icb-eae 2
405
4
jc-eaf 1
fde-eaf 1
fgj-eaf 2
ghj-eaf 1
406
5
ca-eag 1
cfa-eag 1
gff-eag 2
hea-eag 1
hgb-eag 1
407
5
cgd-eah 1
eca-eah 1
gdj-eah 1
bbcf-eah 2
bcaj-eah 1
408
4
be-eai 1
efh-eai 1
ffa-eai 1
bbec-eai 2
409
4
dfj-eaj 1
eae-eaj 1
jfa-eaj 1
beec-eaj 2
410
6
bif-eba 2
bjj-eba 1
cee-eba 1
feb-eba 1
gih-eba 1
bebc-eba 1
411
7
beb-ebb 1
ebg-ebb 1
fac-ebb 1
ffd-ebb 1
fff-ebb 1
ggb-ebb 1
iij-ebb 2
412
3
bjg-ebc 1
ecb-ebc 1
baej-ebc 2
413
8
cag-ebd 1
cbb-ebd 1
dgi-ebd 1
ejb-ebd 1
had-ebd 1
badb-ebd 1
bcce-ebd 1
bdae-ebd 2
414
5
df-ebe 2
dgb-ebe 1
ebb-ebe 1
hfg-ebe 1
bfhc-ebe 1
415
3
bge-ebf 1
fhf-ebf 1
ijf-ebf 2
416
3
dcf-ebg 1
fga-ebg 2
ghg-ebg 1
417
3
hdg-ebh 1
icg-ebh 2
bahf-ebh 1
418
3
ebc-ebi 1
ebd-ebi 1
hfe-ebi 2
419
5
djj-ebj 1
ehi-ebj 1
ghd-ebj 1
igf-ebj 1
jgc-ebj 2
420
5
eh-eca 1
dbf-eca 1
dhi-eca 1
jff-eca 1
jga-eca 2
421
2
daj-ecb 1
bchc-ecb 2
422
8
cd-ecc 1
edi-ecc 1
fbe-ecc 1
gce-ecc 1
idf-ecc 1
babd-ecc 1
bdch-ecc 2
bdie-ecc 1
423
3
dha-ecd 1
fba-ecd 1
jfj-ecd 2
424
4
eaa-ece 2
ecd-ece 1
eeh-ece 1
ici-ece 1
425
4
dh-ecf 1
beh-ecf 2
cib-ecf 1
dgb-ecf 1
426
3
dfa-ecg 1
fbc-ecg 1
bcca-ecg 2
427
5
dbh-ech 1
fcf-ech 1
hcd-ech 2
jjc-ech 1
bajd-ech 1
428
4
dh-eci 1
cei-eci 1
hcg-eci 2
jac-eci 1
429
3
fbc-ecj 1
gbj-ecj 1
ihi-ecj 2
430
7
dgb-eda 1
dhf-eda 2
eai-eda 1
hbd-eda 1
igj-eda 1
bbdb-eda 1
bdcg-eda 1
431
6
fb-edb 1
ff-edb 1
jj-edb 1
gdd-edb 2
gec-edb 1
iia-edb 1
432
4
baa-edc 2
bhb-edc 1
dci-edc 1
ihi-edc 1
433
6
bai-edd 1
bdh-edd 1
cbe-edd 2
dfa-edd 1
ebd-edd 1
gag-edd 1
434
4
jh-ede 2
ejb-ede 1
ffi-ede 1
jbb-ede 1
435
6
ci-edf 1
dic-edf 1
fah-edf 1
hba-edf 2
bdag-edf 1
bdfe-edf 1
436
5
ie-edg 1
cde-edg 2
ddc-edg 1
ggd-edg 1
jgh-edg 1
437
5
beb-edh 1
cfj-edh 1
dah-edh 1
hcd-edh 1
bbgb-edh 2
438
9
bda-edi 1
bjd-edi 1
ccg-edi 1
cfj-edi 1
egf-edi 2
eja-edi 1
gah-edi 1
gie-edi 1
baib-edi 1
439
3
cfb-edj 1
egf-edj 2
egj-edj 1
440
4
bgj-eea 2
djh-eea 1
gcc-eea 2
igj-eea 1
441
4
bab-eeb 1
dec-eeb 1
hei-eeb 1
hgh-eeb 2
442
3
bha-eec 1
dge-eec 1
hci-eec 2
443
4
fcg-eed 1
gcd-eed 1
iaa-eed 2
jhc-eed 1
444
3
chb-eee 1
fgi-eee 1
idg-eee 2
445
5
bdg-eef 2
bie-eef 1
dej-eef 1
jad-eef 1
bdcd-eef 1
446
6
bfc-eeg 2
cfe-eeg 1
chg-eeg 1
dcc-eeg 1
dji-eeg 1
badg-eeg 1
447
2
fbd-eeh 1
gbb-eeh 2
448
5
bih-eei 1
ejc-eei 1
fii-eei 1
haj-eei 1
beed-eei 2
449
4
chc-eej 1
bbif-eej 1
bcag-eej 1
bcih-eej 2
450
6
cbb-efa 1
dhd-efa 1
egc-efa 1
hch-efa 1
jia-efa 2
bccg-efa 1
451
3
ehc-efb 2
eib-efb 1
bbgj-efb 1
452
4
hd-efc 1
bhh-efc 1
ehd-efc 2
fdg-efc 1
453
3
fei-efd 2
iac-efd 1
igj-efd 1
454
2
ija-efe 1
bcdb-efe 2
455
5
bjf-eff 2
fff-eff 1
hgf-eff 1
jge-eff 1
bbed-eff 1
456
4
bbj-efg 1
fii-efg 1
iib-efg 1
bcad-efg 2
457
7
dci-efh 1
ded-efh 1
fde-efh 1
ibb-efh 1
igc-efh 1
iic-efh 2
bbeg-efh 1
458
3
eec-efi 2
eed-efi 1
icc-efi 1
459
6
efe-efj 1
fhc-efj 1
fje-efj 1
gde-efj 1
bbca-efj 1
bbfa-efj 2
460
8
bac-ega 1
bja-ega 2
cbg-ega 1
cgd-ega 1
feh-ega 1
icf-ega 1
jca-ega 1
bbac-ega 1
461
6
jg-egb 1
cdg-egb 1
efi-egb 1
fdb-egb 1
hic-egb 1
bcdf-egb 2
462
2
ccj-egc 1
ddc-egc 2
463
3
bbf-egd 1
cfa-egd 2
bdhg-egd 1
464
6
bg-ege 1
dbb-ege 1
dib-ege 1
ecb-ege 1
fdb-ege 1
ifi-ege 2
465
4
cha-egf 1
eae-egf 1
fge-egf 1
ifd-egf 2
466
5
ed-egg 1
die-egg 1
eaj-egg 1
idd-egg 2
jia-egg 1
467
2
cii-egh 1
iid-egh 2
468
4
cdi-egi 1
efa-egi 1
ghc-egi 1
hef-egi 2
469
6
ij-egj 1
jj-egj 1
dbi-egj 1
ibi-egj 1
jdg-egj 2
baih-egj 1
470
6
bbi-eha 1
bjj-eha 1
cgh-eha 2
eid-eha 1
fgd-eha 1
bcbi-eha 1
471
4
bj-ehb 1
bfc-ehb 1
fei-ehb 1
hib-ehb 2
472
2
cdh-ehc 1
iad-ehc 2
473
4
dfd-ehd 1
hcb-ehd 2
hjj-ehd 1
bffb-ehd 1
474
4
di-ehe 1
hje-ehe 1
ibh-ehe 2
bebj-ehe 1
475
5
caa-ehf 1
cac-ehf 1
fag-ehf 2
hgh-ehf 1
jgj-ehf 2
476
5
cgg-ehg 1
ddb-ehg 1
edf-ehg 2
hda-ehg 1
bdgh-ehg 1
477
5
dad-ehh 1
dcc-ehh 1
ecf-ehh 2
gcc-ehh 1
had-ehh 1
478
3
fef-ehi 1
jfd-ehi 2
bbeg-ehi 1
479
4
eci-ehj 1
hbj-ehj 1
baeh-ehj 1
bcgj-ehj 2
480
5
bfa-eia 2
cjj-eia 1
ddb-eia 2
efb-eia 1
efc-eia 1
481
4
dg-eib 1
iih-eib 2
bbbe-eib 1
bcji-eib 1
482
5
ebb-eic 1
fhi-eic 1
bdfb-eic 2
befh-eic 1
bfef-eic 1
483
6
hc-eid 1
bdg-eid 1
ejg-eid 1
fbg-eid 1
bddi-eid 1
bfhj-eid 2
484
5
baf-eie 1
ffj-eie 1
gbb-eie 2
gcf-eie 1
bbaf-eie 1
485
4
daa-eif 1
djj-eif 1
fdf-eif 2
hac-eif 1
486
4
ede-eig 1
edi-eig 1
fdf-eig 1
bfeh-eig 2
487
5
jc-eih 1
cag-eih 1
daa-eih 1
efh-eih 1
ifi-eih 2
488
4
bgb-eii 1
cfd-eii 1
fij-eii 1
bfdi-eii 2
489
5
bje-eij 1
dcc-eij 1
dfg-eij 1
ief-eij 1
jae-eij 2
490
3
hej-eja 1
iaj-eja 1
babi-eja 2
491
3
bhc-ejb 1
cdi-ejb 1
ibd-ejb 2
492
6
daj-ejc 1
eia-ejc 1
ggd-ejc 1
gji-ejc 1
hgb-ejc 1
bcbe-ejc 2
493
2
ige-ejd 2
iic-ejd 1
494
6
bfj-eje 1
cif-eje 1
ebj-eje 1
ege-eje 1
gic-eje 1
iei-eje 2
495
3
bgb-ejf 1
ecf-ejf 1
bfja-ejf 2
496
4
eb-ejg 1
chd-ejg 1
feg-ejg 2
ghb-ejg 1
497
4
bbi-ejh 1
egb-ejh 2
iaa-ejh 1
idi-ejh 1
498
5
d-eji 1
cdd-eji 1
cgh-eji 1
dih-eji 1
hfb-eji 2
499
2
chf-ejj 2
hif-ejj 1
500
5
deg-faa 1
dfb-faa 1
dhg-faa 1
ice-faa 1
bbba-faa 2
501
2
dbf-fab 2
dda-fab 1
502
5
cbh-fac 1
cbi-fac 1
hbc-fac 1
hdh-fac 1
bbii-fac 2
503
6
cfh-fad 1
dih-fad 1
fgd-fad 1
iej-fad 1
baei-fad 2
bdjg-fad 1
504
4
fej-fae 1
fje-fae 1
baba-fae 2
bdia-fae 1
505
3
hid-faf 1
ice-faf 1
bcja-faf 2
506
5
dbf-fag 2
ggd-fag 1
hcd-fag 1
jif-fag 1
bahb-fag 1
507
1
jbj-fah 2
508
4
bcj-fai 1
fdh-fai 2
gdj-fai 1
badj-fai 1
509
4
ga-faj 1
bhe-faj 2
ggb-faj 1
iii-faj 1
510
4
bge-fba 1
cdi-fba 1
dii-fba 1
bbdb-fba 2
511
5
fic-fbb 1
fid-fbb 1
geh-fbb 1
jgi-fbb 2
jih-fbb 1
512
4
eeg-fbc 2
ejh-fbc 1
fej-fbc 1
baag-fbc 2
513
5
bih-fbd 1
eai-fbd 1
ejj-fbd 1
hej-fbd 1
jhc-fbd 2
514
3
fgi-fbe 1
bajc-fbe 1
bceh-fbe 2
515
1
jbh-fbf 2
516
2
dff-fbg 1
edb-fbg 2
517
6
bc-fbh 1
ib-fbh 1
fdh-fbh 2
fgb-fbh 1
hca-fbh 1
bcjg-fbh 1
518
5
bjb-fbi 2
cfg-fbi 1
dcc-fbi 1
eah-fbi 1
ebf-fbi 1
519
6
hb-fbj 1
fch-fbj 1
fdc-fbj 1
hdc-fbj 2
ieg-fbj 1
beig-fbj 1
520
5
dce-fca 1
gaj-fca 2
jib-fca 1
bccg-fca 2
bcie-fca 1
521
5
h-fcb 1
bhb-fcb 1
fij-fcb 1
hbb-fcb 1
bcdf-fcb 2
522
4
fjh-fcc 1
gbd-fcc 1
gic-fcc 1
bfca-fcc 2
523
4
cae-fcd 1
cba-fcd 2
ghf-fcd 1
hib-fcd 1
524
3
gia-fce 1
gjh-fce 1
baec-fce 2
525
7
bff-fcf 1
cce-fcf 1
cgf-fcf 1
ebi-fcf 1
ehe-fcf 2
ejd-fcf 1
baib-fcf 1
526
4
bbe-fcg 1
eig-fcg 1
gcc-fcg 2
bcah-fcg 1
527
8
cjb-fch 1
eae-fch 2
ecb-fch 2
fcf-fch 1
hfc-fch 1
bcee-fch 1
beaj-fch 1
bfgh-fch 1
528
7
dei-fci 1
dfd-fci 1
dfh-fci 2
fhg-fci 1
iba-fci 2
iei-fci 1
bbea-fci 1
529
5
egd-fcj 1
ffb-fcj 1
ghc-fcj 1
heb-fcj 1
hge-fcj 2
530
6
bhi-fda 1
bhj-fda 1
cfd-fda 1
edf-fda 1
gca-fda 1
bbbd-fda 2
531
4
def-fdb 1
eha-fdb 2
ffg-fdb 1
bcga-fdb 1
532
6
eg-fdc 1
cif-fdc 1
dad-fdc 1
dhh-fdc 1
bahi-fdc 2
bbjb-fdc 1
533
9
bei-fdd 1
dfb-fdd 1
eaf-fdd 1
edd-fdd 1
hid-fdd 1
baei-fdd 2
baif-fdd 1
bfha-fdd 1
bfie-fdd 1
534
3
jj-fde 2
egb-fde 1
fih-fde 1
535
6
cgg-fdf 1
fbj-fdf 1
fdg-fdf 1
gdc-fdf 1
ibe-fdf 2
bade-fdf 1
536
5
bhi-fdg 1
gbh-fdg 1
gje-fdg 1
bach-fdg 2
bdhg-fdg 1
537
7
gf-fdh 1
cdc-fdh 1
cjd-fdh 1
deb-fdh 2
ffa-fdh 1
hjd-fdh 1
bcjh-fdh 1
538
2
bh-fdi 1
jii-fdi 2
539
2
hbh-fdj 1
bdfh-fdj 2
540
5
ee-fea 1
caf-fea 1
bbia-fea 1
bceb-fea 1
bdcd-fea 2
541
6
ih-feb 1
cid-feb 1
dfh-feb 1
hgh-feb 1
ibd-feb 1
ieb-feb 2
542
3
ffe-fec 1
bfcg-fec 2
bfij-fec 1
543
5
eac-fed 1
fdh-fed 1
fjd-fed 1
hdi-fed 2
bbhb-fed 1
544
5
be-fee 1
ecb-fee 1
fff-fee 1
ihf-fee 1
bbaa-fee 2
545
5
je-fef 1
dfe-fef 1
bbfh-fef 1
bdad-fef 1
bfdg-fef 2
546
6
bd-feg 1
bi-feg 1
hgh-feg 2
ihh-feg 1
ijc-feg 1
bcgj-feg 1
547
5
bch-feh 1
chc-feh 1
djg-feh 2
hei-feh 1
bbdc-feh 1
548
6
dbc-fei 1
eeg-fei 1
fbi-fei 1
ffc-fei 1
bcgi-fei 1
begd-fei 2
549
4
dfe-fej 2
eji-fej 1
gcg-fej 2
hhe-fej 1
550
5
df-ffa 1
dce-ffa 1
gch-ffa 1
idb-ffa 1
bfef-ffa 2
551
7
i-ffb 1
cbd-ffb 1
cfd-ffb 1
dab-ffb 2
gda-ffb 1
ica-ffb 1
jfe-ffb 1
552
4
bdj-ffc 1
bgc-ffc 1
ejg-ffc 1
hbb-ffc 2
553
3
dij-ffd 2
eia-ffd 1
jaf-ffd 1
554
2
hdc-ffe 2
baba-ffe 1
555
6
baj-fff 1
edi-fff 1
fgj-fff 1
hfd-fff 2
jbf-fff 1
baae-fff 1
556
1
ffi-ffg 2
557
2
e-ffh 2
fja-ffh 1
558
5
cdj-ffi 1
cif-ffi 1
fed-ffi 1
gaj-ffi 1
bcdd-ffi 2
559
4
dfd-ffj 1
gfi-ffj 2
gih-ffj 1
baid-ffj 1
560
8
bhe-fga 2
ceb-fga 1
cie-fga 1
eae-fga 1
gei-fga 1
igi-fga 1
bbhg-fga 1
bdib-fga 1
561
3
dba-fgb 1
eei-fgb 1
gff-fgb 2
562
5
cjb-fgc 1
dbd-fgc 1
dgd-fgc 1
jad-fgc 1
bagf-fgc 2
563
6
fb-fgd 1
bie-fgd 1
dij-fgd 1
ffa-fgd 1
bfff-fgd 1
bfic-fgd 2
564
2
gjf-fge 2
ibf-fge 1
565
2
ha-fgf 2
def-fgf 1
566
2
bih-fgg 1
ice-fgg 2
567
3
dbh-fgh 1
jcf-fgh 2
jjf-fgh 1
568
4
dfg-fgi 2
eeh-fgi 1
hjf-fgi 1
bcbi-fgi 1
569
4
bdc-fgj 1
egh-fgj 1
gbh-fgj 1
ghj-fgj 2
570
3
bfi-fha 1
fhc-fha 2
bfig-fha 1
571
5
feb-fhb 1
hfe-fhb 1
beaa-fhb 1
beeb-fhb 1
bfcb-fhb 2
572
5
bbi-fhc 1
hch-fhc 1
ijj-fhc 1
bfed-fhc 2
bgea-fhc 1
573
4
cih-fhd 2
dea-fhd 1
dgi-fhd 1
hic-fhd 1
574
5
dic-fhe 1
ebh-fhe 2
gge-fhe 1
hci-fhe 1
jbe-fhe 1
575
2
ffb-fhf 1
gad-fhf 2
576
4
da-fhg 1
fjc-fhg 1
jbb-fhg 1
bbfh-fhg 2
577
1
cba-fhh 2
578
4
bja-fhi 2
idd-fhi 1
jcb-fhi 1
bcgj-fhi 1
579
5
ii-fhj 1
fag-fhj 2
fgf-fhj 1
gaj-fhj 1
bgde-fhj 1
580
4
bb-fia 1
cdd-fia 1
gcc-fia 2
hga-fia 1
581
3
bag-fib 1
fgb-fib 2
gjb-fib 1
582
6
cea-fic 1
cif-fic 1
hgg-fic 1
ifh-fic 1
ijd-fic 1
bgaj-fic 2
583
6
fh-fid 1
hh-fid 1
cdd-fid 1
cih-fid 1
gif-fid 1
bbaa-fid 2
584
3
efe-fie 2
ffb-fie 1
bccf-fie 1
585
4
bbc-fif 1
gge-fif 2
ibj-fif 1
bfcg-fif 1
586
6
bfj-fig 1
bjc-fig 1
dec-fig 1
eib-fig 2
ejg-fig 1
gfa-fig 1
587
3
ed-fih 1
id-fih 2
bcc-fih 1
588
4
gde-fii 1
haf-fii 1
bagb-fii 2
bcfh-fii 1
589
3
ebj-fij 2
fdf-fij 1
bdfi-fij 1
590
2
cih-fja 1
edj-fja 2
591
9
hc-fjb 1
caa-fjb 1
cij-fjb 1
cja-fjb 1
egg-fjb 1
gcg-fjb 1
gef-fjb 1
hae-fjb 2
bggb-fjb 1
592
5
cie-fjc 2
dbg-fjc 1
hdf-fjc 1
baee-fjc 1
bcff-fjc 1
593
2
cif-fjd 2
ecc-fjd 1
594
3
fba-fje 1
hci-fje 2
bbac-fje 2
595
3
fhc-fjf 2
jhf-fjf 1
bahg-fjf 1
596
2
bhg-fjg 1
bcfe-fjg 2
597
5
g-fjh 1
ei-fjh 1
ddd-fjh 1
fdf-fjh 1
baij-fjh 2
598
9
hh-fji 1
bgb-fji 1
cdf-fji 1
ehf-fji 1
ejc-fji 1
fij-fji 1
iga-fji 1
jbi-fji 2
bddi-fji 1
599
3
gj-fjj 1
bbg-fjj 2
ddi-fjj 1
600
3
gbb-gaa 1
gie-gaa 1
bacj-gaa 2
601
3
ca-gab 1
ejg-gab 1
gdh-gab 2
602
1
cca-gac 2
603
5
bf-gad 1
bjc-gad 1
hij-gad 1
jjh-gad 1
bdfe-gad 2
604
6
bd-gae 1
bfi-gae 2
eig-gae 1
ghc-gae 1
hca-gae 1
jci-gae 1
605
1
bjh-gaf 2
606
4
dgc-gag 2
jij-gag 2
bahg-gag 1
bcba-gag 1
607
5
cdd-gah 1
cjc-gah 1
fac-gah 1
iaf-gah 2
ici-gah 1
608
2
daa-gai 1
gff-gai 2
609
2
di-gaj 2
bcde-gaj 1
610
5
fdi-gba 1
gcb-gba 1
hgc-gba 1
bbge-gba 2
bbib-gba 1
611
6
cgb-gbb 1
dhf-gbb 1
efh-gbb 1
eja-gbb 2
becb-gbb 1
bfjj-gbb 1
612
6
ga-gbc 1
hb-gbc 1
bbh-gbc 1
bej-gbc 1
baab-gbc 2
bbhc-gbc 1
613
4
cg-gbd 1
fcb-gbd 2
gca-gbd 1
bbcd-gbd 2
614
1
bgfd-gbe 2
615
4
ccj-gbf 2
fgd-gbf 1
bbeh-gbf 1
bdcf-gbf 1
616
4
dga-gbg 1
dhh-gbg 2
hhb-gbg 1
bbcb-gbg 1
617
2
ff-gbh 2
dje-gbh 1
618
7
ej-gbi 1
cfd-gbi 1
dbi-gbi 1
dib-gbi 1
ifc-gbi 2
bacg-gbi 1
bbeh-gbi 1
619
4
eaa-gbj 1
gch-gbj 1
jej-gbj 1
bbfi-gbj 2
620
7
ddd-gca 1
gfd-gca 1
haj-gca 1
hbg-gca 2
iid-gca 1
jig-gca 1
bbfc-gca 1
621
6
bch-gcb 1
cab-gcb 1
jca-gcb 1
bafh-gcb 1
bbbb-gcb 1
bfbd-gcb 2
622
8
cdh-gcc 2
ejb-gcc 1
gaj-gcc 1
iie-gcc 1
baad-gcc 1
baee-gcc 1
bafc-gcc 1
bbii-gcc 1
623
4
ja-gcd 1
egf-gcd 2
bbjd-gcd 1
bgbi-gcd 1
624
3
dhb-gce 1
fai-gce 2
bdfi-gce 1
625
3
cgj-gcf 2
daf-gcf 1
baii-gcf 1
626
4
cce-gcg 1
chg-gcg 1
hgd-gcg 1
ijg-gcg 2
627
5
bdc-gch 2
cih-gch 1
eja-gch 1
ffb-gch 1
fjh-gch 1
628
6
bga-gci 1
cea-gci 1
fdc-gci 1
ghh-gci 1
gid-gci 1
igb-gci 2
629
2
ebb-gcj 2
ged-gcj 1
630
2
ihh-gda 2
bdcf-gda 1
631
4
cb-gdb 1
bbg-gdb 1
eah-gdb 2
bdci-gdb 1
632
5
cah-gdc 1
gbe-gdc 1
ifc-gdc 2
igj-gdc 1
babf-gdc 1
633
4
dgb-gdd 1
efh-gdd 1
hfi-gdd 1
bcag-gdd 2
634
4
cdd-gde 1
gah-gde 1
hed-gde 1
baeb-gde 2
635
4
bhc-gdf 1
gfe-gdf 1
hjh-gdf 1
bchf-gdf 2
636
5
db-gdg 1
gfd-gdg 1
hag-gdg 1
bajh-gdg 1
bddj-gdg 2
637
4
if-gdh 1
iih-gdh 1
jci-gdh 2
bdfd-gdh 1
638
1
jcc-gdi 2
639
3
cei-gdj 1
dib-gdj 1
gjg-gdj 2
640
4
cda-gea 1
dea-gea 2
eaa-gea 1
edi-gea 1
641
5
eff-geb 1
fcb-geb 1
hfa-geb 1
hhd-geb 2
begg-geb 1
642
2
ffc-gec 1
ihd-gec 2
643
1
bdbj-ged 2
644
1
dda-gee 2
645
3
dfi-gef 2
gfh-gef 1
bdgj-gef 1
646
4
cie-geg 1
gaj-geg 1
baaa-geg 1
bfcj-geg 2
647
4
jg-geh 2
bjh-geh 1
gah-geh 1
iai-geh 1
648
4
daf-gei 2
eeb-gei 1
ffa-gei 1
iba-gei 1
649
5
bge-gej 1
cab-gej 1
fec-gej 1
gda-gej 1
hgi-gej 2
650
2
hbc-gfa 1
bgeg-gfa 2
651
4
g-gfb 1
gfj-gfb 1
jhj-gfb 2
bcbi-gfb 1
652
3
bcb-gfc 2
baha-gfc 2
bche-gfc 1
653
3
gch-gfd 1
hjb-gfd 1
bdbg-gfd 2
654
3
bif-gfe 1
hfa-gfe 1
baci-gfe 2
655
7
hh-gff 1
bga-gff 1
eci-gff 1
egf-gff 1
ehe-gff 1
idi-gff 2
jbi-gff 1
656
4
cef-gfg 1
chc-gfg 1
jaj-gfg 1
bahh-gfg 2
657
4
bi-gfh 1
ffb-gfh 1
iga-gfh 2
jaj-gfh 1
658
5
dbd-gfi 1
ech-gfi 1
ghc-gfi 1
jeh-gfi 1
becd-gfi 2
659
1
bdba-gfj 2
660
2
bhe-gga 2
gbc-gga 1
661
3
bee-ggb 1
bej-ggb 1
eae-ggb 2
662
2
id-ggc 1
bgae-ggc 2
663
4
cjh-ggd 1
djj-ggd 1
igd-ggd 1
jhh-ggd 2
664
9
bdc-gge 1
beg-gge 1
eeb-gge 1
efd-gge 2
ehc-gge 1
gaj-gge 1
ifg-gge 1
beai-gge 1
bfid-gge 1
665
5
feh-ggf 1
hab-ggf 1
ibj-ggf 1
jfj-ggf 2
bcdj-ggf 1
666
4
bih-ggg 1
caf-ggg 1
die-ggg 1
dij-ggg 2
667
1
cab-ggh 2
668
3
bfc-ggi 1
cbc-ggi 1
cgh-ggi 2
670
4
gdh-gha 1
gii-gha 1
ifc-gha 2
bfgj-gha 1
671
6
ccg-ghb 1
idb-ghb 1
bbff-ghb 1
bbfg-ghb 2
bgae-ghb 1
bgef-ghb 1
672
8
bch-ghc 1
cib-ghc 1
efi-ghc 1
fea-ghc 1
fhi-ghc 1
jjf-ghc 1
begg-ghc 1
beid-ghc 2
673
3
bae-ghd 1
did-ghd 1
egj-ghd 2
674
3
ccb-ghe 1
cji-ghe 2
ggg-ghe 1
675
1
ggb-ghf 2
676
4
cej-ghg 1
dhh-ghg 1
fdj-ghg 1
fhb-ghg 2
677
3
cbc-ghh 2
fdi-ghh 1
bacj-ghh 1
678
4
bge-ghi 1
cic-ghi 1
daf-ghi 2
hai-ghi 1
679
5
eig-ghj 1
fcd-ghj 1
fdb-ghj 1
hec-ghj 1
bcbc-ghj 2
680
4
ccg-gia 1
egg-gia 2
hbf-gia 1
ied-gia 1
681
3
cic-gib 1
ehj-gib 1
bbhf-gib 2
682
5
bjc-gic 1
dhi-gic 2
fed-gic 1
gge-gic 1
bbga-gic 1
683
2
cjj-gid 2
ddg-gid 1
684
3
ici-gie 1
ihe-gie 1
iih-gie 2
685
4
hge-gif 2
jea-gif 1
bcdi-gif 1
bcig-gif 1
686
4
gj-gig 1
bbe-gig 1
cec-gig 1
ijf-gig 2
687
5
die-gih 1
fic-gih 1
baai-gih 1
badc-gih 2
bbfb-gih 1
688
3
ib-gii 1
cgf-gii 1
baab-gii 2
689
5
bei-gij 1
ehf-gij 1
ehh-gij 1
fgh-gij 1
ibd-gij 2
690
2
ecd-gja 2
bajc-gja 1
691
1
ebc-gjb 2
692
5
ca-gjc 1
hg-gjc 1
gbe-gjc 2
hji-gjc 1
behb-gjc 1
693
1
gad-gjd 2
694
4
b-gje 1
bhc-gje 2
eca-gje 1
bbdf-gje 1
695
3
dig-gjf 1
hdh-gjf 1
ieg-gjf 2
696
6
bfb-gjg 1
dci-gjg 1
egg-gjg 1
bbic-gjg 1
bdda-gjg 1
behg-gjg 2
697
3
cbg-gjh 2
cje-gjh 1
dfd-gjh 1
698
2
ghe-gji 2
bbgf-gji 1
699
4
cg-gjj 1
fbi-gjj 1
hhe-gjj 1
iii-gjj 2
700
4
dg-haa 1
bjj-haa 1
dbe-haa 1
bcea-haa 2
701
3
gc-hab 1
fij-hab 1
bcfg-hab 2
702
3
eif-hac 1
gdb-hac 2
bcbg-hac 1
703
1
iec-had 2
704
5
chi-hae 1
hea-hae 1
idb-hae 1
ije-hae 1
bbic-hae 2
705
5
cdd-haf 1
gic-haf 1
jda-haf 2
jji-haf 1
bbcd-haf 1
706
6
dfg-hag 1
dic-hag 1
ecj-hag 1
hje-hag 2
bcgb-hag 1
beje-hag 1
707
4
dcd-hah 1
efj-hah 1
fda-hah 2
ghg-hah 1
708
2
bce-hai 1
hfh-hai 2
709
1
bdjj-haj 2
710
3
gee-hba 1
bdbi-hba 2
bega-hba 1
711
4
cfb-hbb 1
cgj-hbb 1
eee-hbb 1
fac-hbb 2
712
3
ffc-hbc 2
jdg-hbc 1
bdif-hbc 1
713
6
bei-hbd 1
eij-hbd 1
iah-hbd 1
jjf-hbd 1
bcbd-hbd 1
bdff-hbd 2
714
3
fc-hbe 2
edh-hbe 1
fji-hbe 1
715
3
jf-hbf 1
dga-hbf 1
fcf-hbf 2
716
5
jh-hbg 1
egh-hbg 1
gde-hbg 1
ife-hbg 1
bdjf-hbg 2
717
3
ci-hbh 1
dbj-hbh 1
babe-hbh 2
718
2
egd-hbi 1
jfh-hbi 2
719
2
jge-hbj 1
bedf-hbj 2
720
7
g-hca 1
cib-hca 1
ead-hca 1
ejj-hca 1
hcf-hca 1
ibe-hca 2
jid-hca 1
721
5
cha-hcb 1
ffe-hcb 1
jba-hcb 1
bahd-hcb 2
bdfa-hcb 1
722
2
cie-hcc 2
iee-hcc 2
723
5
bgi-hcd 1
ghf-hcd 1
hhf-hcd 1
jee-hcd 2
bdhb-hcd 1
724
7
bde-hce 1
dha-hce 1
eab-hce 1
ejf-hce 2
gfj-hce 1
bchf-hce 1
beaf-hce 1
725
5
b-hcf 1
cih-hcf 1
gad-hcf 2
hhc-hcf 1
bbae-hcf 1
726
4
ja-hcg 1
ibf-hcg 2
jjg-hcg 1
baed-hcg 1
727
4
fci-hch 1
gdg-hch 2
ghe-hch 1
jcb-hch 1
728
5
fbf-hci 1
geh-hci 1
ggi-hci 2
baef-hci 1
bdff-hci 1
729
6
jd-hcj 1
eec-hcj 1
ejb-hcj 1
hdb-hcj 1
bbbg-hcj 1
bbgd-hcj 2
730
5
ea-hda 1
dec-hda 2
eda-hda 1
ffb-hda 1
idc-hda 1
731
4
jh-hdb 1
fei-hdb 1
bejg-hdb 1
bfhg-hdb 2
732
5
cbi-hdc 1
gig-hdc 1
jbf-hdc 1
bdac-hdc 1
befb-hdc 2
733
4
bcf-hdd 1
bdg-hdd 2
cih-hdd 1
ejb-hdd 1
734
3
gdj-hde 1
jfh-hde 2
bbjf-hde 1
735
5
dci-hdf 1
fad-hdf 1
gbh-hdf 1
bbha-hdf 2
bcfg-hdf 1
736
3
dac-hdg 1
eba-hdg 1
fjc-hdg 2
737
3
fec-hdh 2
ihb-hdh 1
baga-hdh 1
738
3
bic-hdi 1
iae-hdi 1
beah-hdi 2
739
4
bci-hdj 1
eci-hdj 1
haa-hdj 2
jbj-hdj 1
740
8
cb-hea 1
jb-hea 1
djb-hea 1
fdf-hea 1
jjg-hea 1
bcji-hea 1
bdfd-hea 1
befg-hea 2
741
2
fab-heb 1
icg-heb 2
742
4
fai-hec 1
bdda-hec 1
bdhc-hec 2
bfjg-hec 1
743
3
ffe-hed 1
bcbg-hed 2
bfei-hed 1
744
3
gbf-hee 1
ijb-hee 1
bfhd-hee 2
745
5
beg-hef 1
bge-hef 1
bjd-hef 2
gha-hef 1
bfch-hef 1
746
2
fid-heg 1
bcdd-heg 2
747
4
ed-heh 1
dcb-heh 1
ggc-heh 1
hii-heh 2
748
3
ie-hei 1
if-hei 2
fad-hei 1
749
4
ccd-hej 1
cec-hej 1
gcc-hej 1
bgbd-hej 2
750
4
bdi-hfa 1
dgc-hfa 2
jhg-hfa 1
befe-hfa 1
751
5
gc-hfb 1
beh-hfb 1
bff-hfb 1
egc-hfb 1
icd-hfb 2
752
3
gab-hfc 1
gjh-hfc 2
bcdc-hfc 1
753
4
bad-hfd 1
ddc-hfd 1
eih-hfd 2
bcec-hfd 1
754
4
dfb-hfe 1
ejg-hfe 1
gac-hfe 1
bahd-hfe 2
755
3
hge-hff 2
bacc-hff 1
bbci-hff 1
756
3
ij-hfg 1
gfd-hfg 1
bbac-hfg 2
757
5
eci-hfh 1
ede-hfh 2
ibb-hfh 1
ihf-hfh 1
bbaj-hfh 1
758
3
eci-hfi 1
heb-hfi 1
beih-hfi 2
759
3
gaa-hfj 1
jfc-hfj 1
bfhi-hfj 2
760
2
bbg-hga 2
fdb-hga 1
761
6
bdf-hgb 1
dfj-hgb 1
gcc-hgb 1
hfc-hgb 2
iaj-hgb 1
bccd-hgb 1
762
4
dej-hgc 1
fea-hgc 1
fia-hgc 1
hje-hgc 2
763
2
bbfa-hgd 2
bedb-hgd 1
764
3
efg-hge 1
jdc-hge 1
beff-hge 2
765
4
bci-hgf 1
fea-hgf 1
icd-hgf 1
bafe-hgf 2
766
3
ddc-hgg 1
ehf-hgg 2
baib-hgg 1
767
2
deg-hgh 1
dej-hgh 2
768
4
cdb-hgi 1
hah-hgi 1
baai-hgi 1
baja-hgi 2
769
1
bbjj-hgj 2
770
6
bi-hha 1
ii-hha 1
dag-hha 1
hdd-hha 1
ihj-hha 2
baad-hha 1
771
5
fj-hhb 1
dfa-hhb 1
gfa-hhb 1
bbaa-hhb 2
bbaj-hhb 1
772
3
eia-hhc 1
fhc-hhc 1
beff-hhc 2
773
4
ch-hhd 1
bbd-hhd 1
gaa-hhd 2
bdec-hhd 1
774
5
dji-hhe 1
eff-hhe 2
fcd-hhe 1
gja-hhe 1
bdfa-hhe 1
775
4
ed-hhf 1
bcf-hhf 2
dag-hhf 1
bafj-hhf 2
776
4
ga-hhg 1
bcd-hhg 1
dgd-hhg 2
hbb-hhg 1
777
2
ebd-hhh 1
haa-hhh 2
778
2
dcj-hhi 1
bdci-hhi 2
779
6
beb-hhj 1
cbg-hhj 1
hie-hhj 1
idc-hhj 1
jec-hhj 1
bfag-hhj 2
780
3
dbf-hia 1
jdd-hia 2
bbie-hia 1
781
3
bbi-hib 2
ccc-hib 1
bbfb-hib 1
782
4
chh-hic 1
dcc-hic 1
dhd-hic 1
bgcf-hic 2
783
1
bgdg-hid 2
784
2
bjg-hie 1
bgbb-hie 2
785
3
cii-hif 1
fje-hif 2
ggc-hif 1
786
2
che-hig 1
fig-hig 2
787
5
bfg-hih 1
ddh-hih 2
eii-hih 1
iaf-hih 1
bdbe-hih 1
788
4
cgi-hii 2
djb-hii 1
fej-hii 1
jaj-hii 1
789
6
fj-hij 1
bji-hij 2
dif-hij 1
hag-hij 1
jff-hij 1
bbbd-hij 1
790
2
fae-hja 2
gbd-hja 1
791
3
bde-hjb 1
cbb-hjb 1
cfh-hjb 2
792
7
edj-hjc 1
gaj-hjc 1
hbi-hjc 1
hcc-hjc 1
ifd-hjc 1
bbfi-hjc 2
bfhe-hjc 1
793
2
bbd-hjd 1
fef-hjd 2
794
2
fgj-hje 1
bdja-hje 2
795
3
edj-hjf 2
gid-hjf 1
beji-hjf 1
796
7
cfa-hjg 2
eda-hjg 1
gci-hjg 1
gdj-hjg 1
igd-hjg 1
jdh-hjg 1
jgg-hjg 1
797
2
bcg-hjh 1
caj-hjh 2
798
3
bba-hji 1
hfj-hji 2
iac-hji 1
799
7
fe-hjj 1
bgc-hjj 1
cjf-hjj 1
fgd-hjj 2
gah-hjj 1
bace-hjj 1
beea-hjj 1
800
6
cij-iaa 1
deb-iaa 1
dhc-iaa 2
ead-iaa 1
eef-iaa 1
jcg-iaa 1
801
3
cdh-iab 1
ech-iab 2
bdbh-iab 1
802
3
eic-iac 1
hbi-iac 2
hia-iac 1
803
5
d-iad 1
dd-iad 1
cba-iad 1
cgd-iad 2
jcd-iad 1
804
5
bcd-iae 1
cdf-iae 2
cib-iae 1
cjg-iae 1
fjd-iae 1
805
4
jd-iaf 1
ecj-iaf 1
ejf-iaf 1
gjf-iaf 2
806
4
ejg-iag 1
ihd-iag 1
bage-iag 2
begg-iag 1
807
2
dad-iah 2
fei-iah 1
808
3
jh-iai 1
dje-iai 2
beja-iai 1
809
3
gbh-iaj 1
gci-iaj 1
bddg-iaj 2
810
5
bcb-iba 1
ejb-iba 1
bafb-iba 2
bbba-iba 2
bbbj-iba 1
811
2
iha-ibb 2
bead-ibb 1
812
2
egb-ibc 1
bbgf-ibc 2
813
2
bdhd-ibd 1
bgcj-ibd 2
814
3
fba-ibe 1
jbe-ibe 1
bbcc-ibe 2
815
3
dih-ibf 1
dje-ibf 1
bffh-ibf 2
816
4
ceb-ibg 1
efj-ibg 1
fhg-ibg 2
bafg-ibg 1
817
3
eja-ibh 1
babb-ibh 2
bahj-ibh 1
818
5
gi-ibi 1
bjc-ibi 1
fdi-ibi 2
fii-ibi 1
jib-ibi 1
819
4
dfd-ibj 2
hae-ibj 1
bbcd-ibj 1
bbdb-ibj 1
820
5
dgi-ica 1
edc-ica 1
jde-ica 1
bcfh-ica 1
becf-ica 2
821
3
fhj-icb 1
fib-icb 1
hfi-icb 2
822
2
edb-icc 1
fdh-icc 2
823
5
hj-icd 2
eig-icd 1
hcd-icd 1
jaa-icd 1
jaj-icd 1
824
3
ehd-ice 2
hgi-ice 1
jfh-ice 1
825
4
cih-icf 1
dbb-icf 1
fce-icf 2
bcha-icf 1
826
3
bjj-icg 2
gcg-icg 1
bcdi-icg 1
827
2
djd-ich 1
beei-ich 2
828
3
cj-ici 1
jc-ici 2
dfa-ici 1
829
2
hbe-icj 1
jie-icj 2
830
5
bhf-ida 1
ehj-ida 1
hee-ida 1
jbh-ida 1
bcfd-ida 2
831
7
cdh-idb 1
cii-idb 1
fce-idb 1
ghi-idb 2
jcb-idb 1
bach-idb 1
bfjd-idb 1
832
3
djj-idc 1
gjg-idc 2
iij-idc 1
833
4
fj-idd 1
fih-idd 1
bbah-idd 1
bfda-idd 2
834
1
fgc-ide 2
835
5
dh-idf 2
dii-idf 1
efa-idf 1
jhi-idf 1
bajg-idf 1
836
4
ic-idg 1
bfi-idg 1
dhd-idg 2
bagf-idg 1
837
3
bad-idh 2
gdg-idh 2
hhg-idh 2
838
5
ech-idi 1
hhc-idi 1
baeh-idi 1
bbdd-idi 1
bgfa-idi 2
839
3
bcc-idj 2
bgf-idj 1
fdj-idj 1
840
4
bij-iea 1
chb-iea 1
eeb-iea 1
bebf-iea 2
841
3
fhb-ieb 2
bbie-ieb 1
bdaj-ieb 1
842
5
fgf-iec 1
hfg-iec 2
hfh-iec 1
iff-iec 1
bbca-iec 1
843
4
hhb-ied 1
jac-ied 1
bbid-ied 2
bche-ied 1
844
3
efc-iee 2
baje-iee 2
bdcd-iee 1
845
4
ea-ief 1
bfc-ief 2
hag-ief 1
bbah-ief 1
846
5
ebg-ieg 1
ffh-ieg 1
fjj-ieg 1
hcd-ieg 1
idd-ieg 2
847
4
bge-ieh 1
bjg-ieh 1
caj-ieh 1
bchj-ieh 2
848
6
dbf-iei 1
efg-iei 2
gdf-iei 1
hgi-iei 2
bcgb-iei 1
behf-iei 1
849
2
bbh-iej 2
bdi-iej 1
850
5
ccc-ifa 1
hcf-ifa 2
bbbi-ifa 1
bdbe-ifa 1
bdih-ifa 1
851
3
dfh-ifb 2
fgh-ifb 1
bagh-ifb 1
852
6
cee-ifc 1
ejj-ifc 1
fdj-ifc 1
gfa-ifc 1
jid-ifc 1
bchg-ifc 2
853
4
cf-ifd 1
bah-ifd 1
ijh-ifd 1
bbhd-ifd 2
854
3
dad-ife 1
hjf-ife 2
bbdj-ife 1
855
5
fb-iff 1
bjb-iff 1
cgi-iff 1
efe-iff 2
jgf-iff 1
856
3
be-ifg 1
jci-ifg 1
bgeb-ifg 2
857
4
cid-ifh 2
eif-ifh 1
baai-ifh 1
baga-ifh 1
858
2
badf-ifi 1
bcci-ifi 2
860
2
ebb-iga 2
gfj-iga 1
861
2
gb-igb 1
cif-igb 2
862
3
gh-igc 1
eaf-igc 1
bcgi-igc 2
863
3
ggg-igd 2
hfd-igd 1
ife-igd 1
864
3
dbi-ige 1
dbj-ige 1
hjc-ige 2
865
1
egi-igf 2
866
1
babd-igg 2
867
1
hag-igh 2
868
3
bbg-igi 1
gag-igi 1
bcbj-igi 2
869
4
dde-igj 1
gih-igj 1
jba-igj 2
bdie-igj 1
870
4
hgf-iha 1
jfa-iha 1
bbfe-iha 1
bcdj-iha 2
871
2
eii-ihb 1
bbcj-ihb 2
872
3
eba-ihc 1
ehj-ihc 2
jfd-ihc 1
873
4
fj-ihd 1
bbdd-ihd 1
behh-ihd 2
bgei-ihd 1
874
3
hdg-ihe 2
hdi-ihe 1
hdj-ihe 1
875
5
eh-ihf 1
cfb-ihf 1
ijj-ihf 1
bbad-ihf 2
bfcc-ihf 1
876
4
bcj-ihg 1
cdj-ihg 1
gbf-ihg 1
gij-ihg 2
877
3
cib-ihh 2
eef-ihh 1
gih-ihh 1
878
5
jg-ihi 1
gjh-ihi 1
hdb-ihi 1
bdgf-ihi 2
bebh-ihi 1
879
2
caf-ihj 2
cef-ihj 1
880
3
fgb-iia 2
fid-iia 1
hfh-iia 1
881
5
id-iib 1
cfb-iib 1
chd-iib 1
baeb-iib 2
bafa-iib 1
882
4
fag-iic 2
gfa-iic 1
iie-iic 1
jje-iic 1
883
4
cej-iid 1
ffa-iid 2
iae-iid 1
bfei-iid 1
884
5
bec-iie 1
bgc-iie 1
cbb-iie 1
jee-iie 1
bejf-iie 2
885
2
hif-iif 1
bbei-iif 2
886
2
ddg-iig 1
hcg-iig 2
887
1
hbj-iih 2
888
1
bbib-iii 2
889
1
baaa-iij 2
890
3
dbj-ija 2
iaa-ija 2
bcfe-ija 1
891
1
ega-ijb 2
892
4
hg-ijc 1
bbf-ijc 1
cgi-ijc 2
bcij-ijc 1
893
3
gdh-ijd 1
hfi-ijd 1
beda-ijd 2
894
4
bef-ije 1
gda-ije 1
bbbj-ije 1
beef-ije 2
895
1
bj-ijf 2
896
2
ig-ijg 1
behi-ijg 2
897
2
bii-ijh 2
hhg-ijh 1
898
1
gd-iji 2
899
2
cff-ijj 1
iaf-ijj 2
900
3
cf-jaa 1
jbg-jaa 1
bbjh-jaa 2
901
2
djh-jab 1
gbe-jab 2
902
5
bgg-jac 1
ejj-jac 1
ghg-jac 2
hca-jac 1
ibb-jac 1
903
3
dgj-jad 1
djc-jad 1
bcij-jad 2
904
3
ee-jae 1
cja-jae 1
bbih-jae 2
905
2
bgd-jaf 1
bdig-jaf 2
906
3
cg-jag 1
cbc-jag 2
bdij-jag 1
907
6
cfe-jah 1
fie-jah 1
baia-jah 1
bajg-jah 1
bchh-jah 2
bcif-jah 1
908
5
efa-jai 1
gbj-jai 2
hah-jai 1
bbbg-jai 1
bffi-jai 1
909
2
ebd-jaj 2
iic-jaj 1
910
3
cgd-jba 1
gej-jba 2
bdef-jba 1
911
2
dhg-jbb 2
gjc-jbb 1
912
2
gbg-jbc 1
jca-jbc 2
913
3
bgh-jbd 1
dij-jbd 1
bfad-jbd 2
914
3
de-jbe 1
fbj-jbe 2
bbig-jbe 1
915
5
cc-jbf 1
gfg-jbf 1
hai-jbf 1
jbe-jbf 1
bedi-jbf 2
916
5
bjd-jbg 1
ehd-jbg 2
igc-jbg 1
baie-jbg 1
bdid-jbg 1
917
3
bji-jbh 1
dbd-jbh 2
babf-jbh 1
918
2
hai-jbi 1
bdcc-jbi 2
919
5
daa-jbj 1
ejd-jbj 2
hdc-jbj 2
ieg-jbj 1
jhb-jbj 1
920
4
fdh-jca 1
idf-jca 1
jde-jca 1
jfg-jca 2
921
4
faj-jcb 2
gae-jcb 1
hhf-jcb 1
ihh-jcb 1
922
3
fej-jcc 1
fjg-jcc 1
gfb-jcc 2
923
4
hgh-jcd 2
ied-jcd 1
jcc-jcd 1
bagh-jcd 1
924
1
bafi-jce 2
925
3
djc-jcf 1
ghe-jcf 1
igj-jcf 2
926
3
cfj-jcg 1
ggg-jcg 2
babe-jcg 1
928
6
fb-jci 1
fch-jci 1
gih-jci 1
hhe-jci 1
beia-jci 1
bfbf-jci 2
930
3
cjb-jda 1
bdig-jda 2
bgdf-jda 1
931
5
cgf-jdb 1
hge-jdb 2
jhc-jdb 1
jji-jdb 1
bbaj-jdb 1
932
3
jc-jdc 1
gdh-jdc 2
hbh-jdc 1
933
3
dhc-jdd 2
dic-jdd 1
ffh-jdd 1
934
6
bi-jde 2
ha-jde 1
bie-jde 1
baad-jde 1
bcjb-jde 1
bdgi-jde 1
936
7
bh-jdg 1
bhb-jdg 1
cjh-jdg 1
dhj-jdg 2
fbf-jdg 1
gea-jdg 1
ibi-jdg 1
937
1
ea-jdh 2
938
1
dfb-jdi 2
939
4
ja-jdj 1
dhb-jdj 1
eic-jdj 1
jfj-jdj 2
940
2
ef-jea 1
ije-jea 2
941
1
jad-jeb 2
942
5
bgb-jec 1
dae-jec 1
ehc-jec 2
badg-jec 1
bdfg-jec 1
943
1
djc-jed 2
944
4
ej-jee 1
ceg-jee 1
cfg-jee 1
hjb-jee 2
945
5
beh-jef 1
fad-jef 1
badj-jef 2
bbfe-jef 1
bbje-jef 1
946
2
bbj-jeg 2
baib-jeg 1
947
3
ddj-jeh 1
bafe-jeh 1
bgdb-jeh 2
948
2
eff-jei 2
jja-jei 2
949
3
dch-jej 1
ehb-jej 2
fgj-jej 1
950
4
bhe-jfa 1
chb-jfa 1
fdj-jfa 2
iec-jfa 1
951
3
cge-jfb 1
ebb-jfb 2
bbdb-jfb 1
952
3
cgh-jfc 1
egb-jfc 1
jgb-jfc 2
953
2
fbd-jfd 1
babc-jfd 2
954
4
c-jfe 1
egf-jfe 1
bcif-jfe 1
bfgb-jfe 2
955
3
ee-jff 1
egg-jff 2
bfeb-jff 1
956
4
ega-jfg 1
fic-jfg 1
ghc-jfg 1
bccb-jfg 2
957
5
ddc-jfh 1
eij-jfh 1
fdf-jfh 1
gfb-jfh 2
bffj-jfh 1
958
4
bbj-jfi 1
dii-jfi 1
eib-jfi 1
befa-jfi 2
959
5
bcc-jfj 1
eac-jfj 1
jfa-jfj 1
bcaj-jfj 1
bdhe-jfj 2
960
5
fdf-jga 1
bagg-jga 1
bfab-jga 1
bfcd-jga 2
bfcf-jga 1
961
1
ecd-jgb 2
962
5
bba-jgc 1
cfa-jgc 1
ibd-jgc 2
ied-jgc 1
babj-jgc 1
963
1
ghb-jgd 2
964
5
dda-jge 1
gbf-jge 1
bagf-jge 1
bcgj-jge 2
bedj-jge 1
965
5
i-jgf 2
bhg-jgf 1
fbf-jgf 1
fjd-jgf 1
hhj-jgf 1
966
3
cfd-jgg 1
heh-jgg 2
bajc-jgg 1
967
2
dfc-jgh 2
jcb-jgh 1
968
2
gjf-jgi 1
iae-jgi 2
970
4
bea-jha 1
efh-jha 1
ghd-jha 1
jia-jha 2
971
1
ejg-jhb 2
972
4
ced-jhc 1
eej-jhc 2
gga-jhc 1
hei-jhc 1
973
2
gba-jhd 2
geb-jhd 1
974
3
jae-jhe 1
jih-jhe 1
bbai-jhe 2
975
4
fch-jhf 1
gid-jhf 1
bajj-jhf 2
behe-jhf 1
976
2
fbi-jhg 1
hde-jhg 2
977
2
gab-jhh 1
bfia-jhh 2
978
3
bcj-jhi 2
fca-jhi 1
bagi-jhi 1
979
1
eei-jhj 2
980
7
bje-jia 1
ddg-jia 1
ecc-jia 1
hdd-jia 1
baac-jia 1
baca-jia 1
bded-jia 2
981
4
bab-jib 1
bjf-jib 1
gda-jib 1
iac-jib 2
982
2
hff-jic 1
igj-jic 2
983
4
cag-jid 1
jff-jid 1
bdgd-jid 1
bgfj-jid 2
984
3
cij-jie 1
hdb-jie 1
baih-jie 2
985
4
bb-jif 1
dge-jif 1
hah-jif 2
bdih-jif 1
986
3
bbe-jig 1
gha-jig 2
bafi-jig 1
987
3
bfa-jih 2
gfi-jih 1
jhi-jih 1
988
3
bjh-jii 1
cei-jii 1
ddf-jii 2
989
1
ge-jij 2
990
1
idh-jja 2
991
6
bdi-jjb 1
cjc-jjb 1
hja-jjb 2
ieg-jjb 1
ihg-jjb 1
jif-jjb 1
992
3
jbg-jjc 1
jhg-jjc 1
bcgb-jjc 2
993
1
daj-jjd 2
994
5
ej-jje 1
hdd-jje 1
badd-jje 1
baig-jje 1
bbcg-jje 2
995
2
ccf-jjf 1
hja-jjf 2
996
2
efa-jjg 1
gfc-jjg 2
997
1
geh-jjh 2
998
2
j-jji 1
hef-jji 2
999
3
edg-jjj 1
baea-jjj 1
bcci-jjj 2
1000
1
fgi-baaa 2
1001
5
bc-baab 1
efi-baab 1
ifd-baab 1
jeg-baab 2
bbdf-baab 1
1002
2
hig-baac 1
jbh-baac 2
1003
4
ceb-baad 2
ehj-baad 1
jcd-baad 1
bbbh-baad 1
1004
2
dib-baae 1
eje-baae 2
1005
2
baae-baaf 2
bdej-baaf 1
1006
5
fc-baag 1
cdc-baag 1
ffj-baag 1
jci-baag 2
beja-baag 1
1007
2
jab-baah 1
baef-baah 2
1008
4
dgd-baai 1
igj-baai 1
bacb-baai 1
baha-baai 2
1010
5
dfi-baba 1
ehi-baba 2
haj-baba 1
jdf-baba 1
bbfb-baba 1
1011
3
djh-babb 2
edh-babb 1
ggi-babb 1
1012
5
if-babc 1
ege-babc 1
jga-babc 1
baif-babc 1
beag-babc 2
1013
3
dfe-babd 2
gec-babd 1
bddi-babd 1
1014
3
dbj-babe 1
ebj-babe 2
ije-babe 1
1015
2
ceg-babf 1
begj-babf 2
1016
3
bbdj-babg 1
bdhd-babg 1
beba-babg 2
1017
2
cbg-babh 2
baia-babh 1
1018
3
gd-babi 1
cdb-babi 1
baij-babi 2
1019
3
fdc-babj 2
bbcg-babj 1
bfib-babj 1
1020
1
igh-baca 2
1021
6
jg-bacb 1
heb-bacb 1
jce-bacb 1
jhb-bacb 1
bcje-bacb 1
bgbj-bacb 2
1022
3
feg-bacc 1
gdb-bacc 2
hbc-bacc 1
1023
1
jgf-bacd 2
1024
2
dhb-bace 1
bbcd-bace 2
1025
1
ifd-bacf 2
1026
2
cja-bacg 1
bgdb-bacg 2
1027
3
bih-bach 2
fdd-bach 1
baag-bach 1
1028
2
egi-baci 1
ejc-baci 2
1029
4
ib-bacj 1
ibj-bacj 1
iha-bacj 2
bada-bacj 1
1030
4
ecj-bada 1
gdb-bada 2
hej-bada 1
bbcf-bada 1
1031
3
bdf-badb 2
dcd-badb 1
bddf-badb 1
1032
3
cad-badc 1
hfg-badc 1
ifg-badc 2
1033
3
gh-badd 1
jc-badd 1
bcac-badd 2
1034
1
ega-bade 2
1035
1
fgh-badf 2
1036
2
jhi-badg 2
bbbf-badg 1
1037
1
bbgj-badh 2
1038
2
ghg-badi 1
bbdi-badi 2
1039
4
ff-badj 1
bjf-badj 2
ijj-badj 1
bbhf-badj 1
1040
3
he-baea 1
cid-baea 1
hdd-baea 2
1041
4
fd-baeb 1
iag-baeb 1
bbaf-baeb 1
bdcj-baeb 2
1042
5
ccb-baec 1
hbg-baec 1
jaa-baec 1
jha-baec 2
bcac-baec 1
1043
1
djc-baed 2
1044
1
baeg-baee 2
1045
4
fi-baef 2
gj-baef 1
efd-baef 1
bdbf-baef 1
1046
4
hhd-baeg 1
jdc-baeg 1
baic-baeg 1
bcef-baeg 2
1047
1
dfd-baeh 2
1048
4
bhc-baei 1
chj-baei 1
bagg-baei 1
bcig-baei 2
1049
4
hih-baej 1
bbhh-baej 2
bdfj-baej 1
bdij-baej 1
1050
5
cff-bafa 1
dgj-bafa 2
hgc-bafa 1
jdj-bafa 1
babe-bafa 1
1051
4
gdg-bafb 2
baah-bafb 1
bbbd-bafb 1
bcji-bafb 1
1052
4
gfg-bafc 1
hii-bafc 2
jce-bafc 1
bbef-bafc 1
1053
2
cfa-bafd 2
fei-bafd 1
1054
3
bgf-bafe 1
dhc-bafe 1
fdd-bafe 2
1055
2
hcj-baff 1
bfif-baff 2
1056
1
fdd-bafg 2
1057
1
jbd-bafh 2
1058
4
bag-bafi 1
bhj-bafi 2
chi-bafi 1
bbgf-bafi 1
1059
3
gfi-bafj 1
hef-bafj 2
bcag-bafj 1
1060
2
ded-baga 1
bbag-baga 2
1061
2
fhb-bagb 2
bcgd-bagb 1
1062
1
gie-bagc 2
1063
3
beg-bagd 1
hgd-bagd 2
ibg-bagd 1
1064
4
jfb-bage 1
jhf-bage 2
babh-bage 1
bbcj-bage 1
1065
2
bgd-bagf 1
bede-bagf 2
1066
5
fcb-bagg 2
hgb-bagg 1
jid-bagg 1
baie-bagg 1
bbgh-bagg 1
1067
6
cde-bagh 1
cgf-bagh 1
eab-bagh 1
gje-bagh 2
ijg-bagh 1
jbd-bagh 1
1068
3
ehh-bagi 1
ggh-bagi 1
bcac-bagi 2
1069
2
bgj-bagj 1
jhd-bagj 2
1070
2
bcgf-baha 1
bgcc-baha 2
1071
2
cgc-bahb 1
bgah-bahb 2
1072
1
hbg-bahc 2
1073
6
dbb-bahd 2
dii-bahd 1
efa-bahd 1
bcgf-bahd 1
behd-bahd 1
beij-bahd 1
1074
1
bcdi-bahe 2
1075
2
ffi-bahf 1
bagd-bahf 2
1076
2
bgc-bahg 1
gjc-bahg 2
1077
4
hea-bahh 1
jab-bahh 1
bahg-bahh 2
bedg-bahh 1
1078
4
ia-bahi 1
ceh-bahi 1
ghc-bahi 2
hab-bahi 1
1079
2
fbe-bahj 2
ghi-bahj 1
1080
3
bgg-baia 2
gaf-baia 1
jif-baia 1
1081
2
hih-baib 1
iac-baib 2
1082
3
iaa-baic 2
babi-baic 2
bcgg-baic 2
1083
2
ib-baid 1
bejd-baid 2
1084
5
bai-baie 1
chg-baie 1
efc-baie 1
iaf-baie 2
bade-baie 1
1085
1
jcb-baif 2
1086
4
edd-baig 2
hif-baig 2
ihc-baig 1
jgh-baig 1
1087
6
eea-baih 1
gcf-baih 1
bbgd-baih 1
bcej-baih 1
bcgf-baih 1
becj-baih 2
1088
2
ffj-baii 1
bbab-baii 2
1089
3
bfh-baij 1
bha-baij 1
ife-baij 2
1090
4
bif-baja 1
cdh-baja 1
cgg-baja 1
bcfj-baja 2
1091
3
ji-bajb 1
bafj-bajb 2
bdfg-bajb 1
1092
3
dhb-bajc 2
hih-bajc 1
bbae-bajc 1
1093
4
edc-bajd 1
hha-bajd 2
hhg-bajd 1
bfjc-bajd 1
1094
4
gfi-baje 2
hhe-baje 1
iej-baje 1
bdab-baje 1
1095
5
eca-bajf 1
jcd-bajf 1
jeb-bajf 1
bbgi-bajf 2
bcje-bajf 1
1096
2
fi-bajg 2
cgf-bajg 1
1097
2
bia-bajh 1
hba-bajh 2
1098
2
bhf-baji 1
baje-baji 2
1099
3
eci-bajj 1
ejh-bajj 1
bajf-bajj 2
1100
3
ghb-bbaa 1
bcfa-bbaa 2
beeg-bbaa 1
1101
2
cde-bbab 1
bbfc-bbab 2
1102
4
dce-bbac 2
fed-bbac 1
iif-bbac 1
bejd-bbac 1
1103
2
jbh-bbad 2
bbag-bbad 1
1104
6
gc-bbae 2
hg-bbae 1
eah-bbae 1
gid-bbae 1
bcfc-bbae 1
bgba-bbae 1
1105
2
eff-bbaf 2
hhg-bbaf 1
1106
1
gff-bbag 2
1107
4
cja-bbah 1
fhe-bbah 1
beci-bbah 2
bfjh-bbah 1
1108
2
bhj-bbai 2
bdch-bbai 1
1109
1
ich-bbaj 2
1110
5
cgd-bbba 1
hdb-bbba 2
hde-bbba 1
jid-bbba 1
babb-bbba 1
1111
1
hed-bbbb 2
1113
3
bbh-bbbd 1
baec-bbbd 2
bgab-bbbd 1
1114
3
bcc-bbbe 1
dhj-bbbe 1
bccj-bbbe 2
1115
2
cef-bbbf 2
faj-bbbf 1
1116
3
icb-bbbg 1
ief-bbbg 2
baci-bbbg 1
1117
2
ehg-bbbh 2
bagc-bbbh 1
1118
2
bac-bbbi 2
gee-bbbi 1
1119
3
big-bbbj 1
bahe-bbbj 1
bgdj-bbbj 2
1120
2
bdd-bbca 1
jcc-bbca 2
1121
6
ccc-bbcb 1
djj-bbcb 1
fbc-bbcb 1
hih-bbcb 2
iee-bbcb 1
jfd-bbcb 1
1122
2
bgf-bbcc 1
hbd-bbcc 2
1123
3
gje-bbcd 1
jjd-bbcd 1
baii-bbcd 2
1124
2
gde-bbce 1
iff-bbce 2
1125
2
fhc-bbcf 2
bbae-bbcf 1
1126
3
ccj-bbcg 2
fcg-bbcg 1
bdid-bbcg 1
1127
1
icb-bbch 2
1128
2
bie-bbci 1
babh-bbci 2
1129
2
hee-bbcj 2
bbbb-bbcj 1
1130
3
ehh-bbda 1
jde-bbda 2
bbji-bbda 1
1131
5
bbf-bbdb 1
hjj-bbdb 1
idc-bbdb 1
ifa-bbdb 2
bfdj-bbdb 1
1132
1
jh-bbdc 2
1133
5
bci-bbdd 2
beb-bbdd 1
eii-bbdd 1
fgh-bbdd 1
gid-bbdd 1
1134
1
jif-bbde 2
1135
3
gbc-bbdf 1
gbi-bbdf 2
baed-bbdf 1
1136
3
bhc-bbdg 1
bid-bbdg 1
bgdc-bbdg 2
1137
3
eef-bbdh 1
ghb-bbdh 2
bcjd-bbdh 1
1138
3
hbh-bbdi 2
baee-bbdi 1
bcba-bbdi 1
1139
1
ghi-bbdj 2
1140
3
df-bbea 2
cga-bbea 1
dfh-bbea 1
1141
5
ji-bbeb 1
ihd-bbeb 2
bbae-bbeb 1
bbde-bbeb 1
bffc-bbeb 1
1142
2
cai-bbec 1
bcie-bbec 2
1143
1
jc-bbed 2
1144
2
gcj-bbee 1
bdee-bbee 2
1145
4
ce-bbef 1
fjb-bbef 2
fjf-bbef 1
badd-bbef 1
1146
3
eca-bbeg 2
bcjg-bbeg 1
bgbc-bbeg 1
1147
1
eg-bbeh 2
1148
2
eif-bbei 1
gej-bbei 2
1149
3
fci-bbej 1
fja-bbej 1
bcbb-bbej 2
1150
2
jf-bbfa 1
bacc-bbfa 2
1151
5
fgd-bbfb 1
ghj-bbfb 1
baji-bbfb 2
bbgg-bbfb 1
bdah-bbfb 1
1152
2
ibh-bbfc 2
bfej-bbfc 1
1153
4
eaa-bbfd 2
ebc-bbfd 1
bdcj-bbfd 1
bdje-bbfd 1
1154
2
chg-bbfe 1
bbgi-bbfe 2
1155
6
hg-bbff 1
dbh-bbff 1
fcc-bbff 2
ihi-bbff 1
jig-bbff 1
bdjd-bbff 2
1156
4
eee-bbfg 1
fea-bbfg 1
bcjh-bbfg 1
bfee-bbfg 2
1157
3
efd-bbfh 1
gec-bbfh 1
bbjg-bbfh 2
1158
3
bace-bbfi 1
bbej-bbfi 2
bfhb-bbfi 1
1159
4
cbc-bbfj 1
cje-bbfj 1
ifc-bbfj 2
babh-bbfj 1
1160
2
eji-bbga 1
jbc-bbga 2
1161
4
hi-bbgb 2
hgd-bbgb 1
iic-bbgb 1
jff-bbgb 1
1162
1
bafa-bbgc 2
1163
1
bgag-bbgd 2
1164
4
eb-bbge 1
ddd-bbge 1
ihg-bbge 1
bbff-bbge 2
1165
1
fcj-bbgf 2
1166
4
ca-bbgg 1
gfh-bbgg 1
bcde-bbgg 1
bdai-bbgg 2
1167
1
bbei-bbgh 2
1168
4
bfi-bbgi 1
jab-bbgi 1
jgi-bbgi 2
bdgi-bbgi 1
1169
4
eah-bbgj 1
hjc-bbgj 1
bbcj-bbgj 1
bejh-bbgj 2
1170
2
fbe-bbha 1
begi-bbha 2
1171
2
djd-bbhb 1
iec-bbhb 2
1172
3
bca-bbhc 1
cbh-bbhc 2
jdi-bbhc 1
1173
4
j-bbhd 2
bdb-bbhd 1
ece-bbhd 1
bced-bbhd 1
1174
4
fh-bbhe 1
id-bbhe 1
gfe-bbhe 1
bbgb-bbhe 2
1175
3
dia-bbhf 2
baif-bbhf 1
bfec-bbhf 1
1177
2
bcjf-bbhh 1
beee-bbhh 2
1178
2
hgi-bbhi 2
bfge-bbhi 1
1179
1
c-bbhj 2
1180
3
ei-bbia 1
ij-bbia 1
edb-bbia 2
1181
1
bdi-bbib 2
1182
2
iab-bbic 2
befc-bbic 1
1183
1
bbdd-bbid 2
1184
3
dee-bbie 1
def-bbie 2
bbhj-bbie 1
1185
2
bij-bbif 1
dcj-bbif 2
1186
1
cig-bbig 2
1187
2
gc-bbih 2
bfd-bbih 1
1188
2
jhc-bbii 1
bfgf-bbii 2
1189
3
cdd-bbij 1
bbdf-bbij 2
beci-bbij 1
1190
2
fec-bbja 2
bacb-bbja 1
1191
2
ffj-bbjb 2
gje-bbjb 1
1192
2
ii-bbjc 2
bbha-bbjc 1
1193
1
jig-bbjd 2
1194
1
cbd-bbje 2
1195
4
dji-bbjf 1
fcj-bbjf 1
haj-bbjf 2
jbg-bbjf 1
1196
3
hjb-bbjg 1
bagj-bbjg 2
bbfe-bbjg 1
1197
2
jih-bbjh 1
bcjb-bbjh 2
1198
3
bch-bbji 1
hhi-bbji 2
ijh-bbji 1
1199
1
cig-bbjj 2
1200
2
bgb-bcaa 2
bbie-bcaa 1
1201
4
dfi-bcab 1
gce-bcab 2
jjj-bcab 1
bchi-bcab 1
1202
3
fa-bcac 2
hac-bcac 1
had-bcac 1
1203
3
bdf-bcad 1
hcd-bcad 1
bgcb-bcad 2
1204
2
ibg-bcae 2
bdaj-bcae 1
1205
3
jh-bcaf 1
bbha-bcaf 1
bcda-bcaf 2
1206
2
babb-bcag 1
bgch-bcag 2
1207
1
eed-bcah 2
1208
1
bbcj-bcai 2
1209
1
bbji-bcaj 2
1210
2
ejb-bcba 2
gfc-bcba 1
1211
3
die-bcbb 2
hag-bcbb 1
bdbj-bcbb 1
1212
5
ef-bcbc 1
dbe-bcbc 1
bafj-bcbc 2
bbai-bcbc 1
bcij-bcbc 1
1213
1
baca-bcbd 2
1214
2
bdd-bcbe 2
gda-bcbe 1
1215
2
igc-bcbf 1
bged-bcbf 2
1216
3
dbh-bcbg 1
iea-bcbg 2
behc-bcbg 1
1218
3
jcf-bcbi 1
jdd-bcbi 2
bfcf-bcbi 1
1219
3
hgc-bcbj 1
hjj-bcbj 2
bcch-bcbj 1
1220
4
fb-bcca 1
jfe-bcca 2
bdhj-bcca 1
behj-bcca 1
1221
3
cid-bccb 2
egb-bccb 1
bcag-bccb 1
1223
3
ced-bccd 1
behg-bccd 1
bfed-bccd 2
1224
2
eci-bcce 2
iib-bcce 1
1225
2
bajb-bccf 1
bfhd-bccf 2
1226
2
badf-bccg 1
begg-bccg 2
1227
1
hjg-bcch 2
1228
2
hjd-bcci 2
bcae-bcci 1
1229
5
bg-bccj 1
cfg-bccj 1
dci-bccj 1
gbe-bccj 2
hci-bccj 1
1230
3
dh-bcda 2
ijd-bcda 1
beii-bcda 1
1231
3
baci-bcdb 1
bbeb-bcdb 2
bddd-bcdb 1
1232
4
bcj-bcdc 1
ghb-bcdc 1
bccd-bcdc 2
bfga-bcdc 1
1233
3
bagh-bcdd 2
bbfh-bcdd 1
bdid-bcdd 1
1234
5
cba-bcde 1
gic-bcde 1
baji-bcde 1
bcha-bcde 1
beje-bcde 2
1235
1
bbef-bcdf 2
1236
3
chc-bcdg 1
hjc-bcdg 2
jje-bcdg 1
1237
2
faf-bcdh 2
bchf-bcdh 1
1238
3
cfg-bcdi 2
hee-bcdi 1
becb-bcdi 1
1239
1
fdb-bcdj 2
1240
1
becb-bcea 2
1241
1
idj-bceb 2
1242
1
dgj-bcec 2
1243
1
bcjd-bced 2
1244
6
ejh-bcee 1
ffd-bcee 1
gdf-bcee 1
iai-bcee 1
bdca-bcee 1
bdja-bcee 2
1245
2
fbb-bcef 1
fbj-bcef 2
1246
1
cca-bceg 2
1247
4
bge-bceh 1
fab-bceh 1
bbdf-bceh 1
bdae-bceh 2
1248
1
bci-bcei 2
1249
3
ef-bcej 1
gif-bcej 1
jfh-bcej 2
1250
2
djh-bcfa 1
jfh-bcfa 2
1252
1
cig-bcfc 2
1253
3
idg-bcfd 2
jeh-bcfd 1
beie-bcfd 1
1254
1
jh-bcfe 2
1255
4
ddd-bcff 1
hfh-bcff 1
iie-bcff 1
begg-bcff 2
1256
2
fjj-bcfg 2
bcje-bcfg 1
1257
1
egd-bcfh 2
1258
1
ihe-bcfi 2
1259
4
cig-bcfj 1
ibc-bcfj 1
jii-bcfj 1
bchb-bcfj 2
1260
1
ghc-bcga 2
1261
2
eai-bcgb 2
jae-bcgb 1
1262
2
bahc-bcgc 1
beih-bcgc 2
1263
1
gba-bcgd 2
1264
2
bgh-bcge 1
baih-bcge 2
1265
1
bbga-bcgf 2
1266
2
beej-bcgg 1
bfhf-bcgg 2
1267
2
cbj-bcgh 1
bdjg-bcgh 2
1268
4
bfh-bcgi 1
bge-bcgi 1
fca-bcgi 2
hce-bcgi 1
1269
3
bdbg-bcgj 1
beae-bcgj 2
bfci-bcgj 1
1270
2
deh-bcha 2
dgg-bcha 1
1271
2
hhd-bchb 1
bdfj-bchb 2
1272
2
bdb-bchc 1
cej-bchc 2
1273
2
jbd-bchd 2
bdaf-bchd 1
1274
2
gcd-bche 2
becg-bche 2
1275
2
hdj-bchf 1
bfag-bchf 2
1276
4
hga-bchg 1
hhj-bchg 1
idc-bchg 1
bebi-bchg 2
1277
5
cjb-bchh 1
hhi-bchh 1
bbij-bchh 1
bcjb-bchh 1
bcjj-bchh 2
1278
2
ifh-bchi 1
bcdj-bchi 2
1279
1
jcd-bchj 2
1280
5
hhg-bcia 1
hid-bcia 1
ibc-bcia 1
baid-bcia 1
bgec-bcia 2
1281
4
bje-bcib 1
dde-bcib 1
bdcc-bcib 1
bfgd-bcib 2
1284
2
eic-bcie 2
bbgh-bcie 1
1285
2
jhh-bcif 1
bdjb-bcif 2
1286
1
fae-bcig 2
1287
1
cae-bcih 2
1288
3
cga-bcii 1
jeh-bcii 2
bafh-bcii 1
1289
1
ebd-bcij 2
1290
3
hhd-bcja 2
ica-bcja 1
bbfi-bcja 1
1291
2
dba-bcjb 2
bcaa-bcjb 1
1292
2
bbaf-bcjc 2
bbdg-bcjc 2
1293
1
hdf-bcjd 2
1294
1
bbfh-bcje 2
1295
4
dde-bcjf 1
fda-bcjf 1
bdjc-bcjf 2
bedc-bcjf 1
1296
2
eii-bcjg 2
jce-bcjg 1
1297
1
dch-bcjh 2
1298
2
dg-bcji 1
ida-bcji 2
1299
2
fig-bcjj 1
bfgi-bcjj 2
1300
3
eba-bdaa 1
edh-bdaa 2
gcj-bdaa 1
1301
2
iji-bdab 2
bdib-bdab 1
1302
2
cgb-bdac 2
gba-bdac 1
1303
3
ch-bdad 2
dja-bdad 1
jdi-bdad 1
1304
2
bahi-bdae 2
bbif-bdae 1
1305
1
ga-bdaf 2
1306
1
badg-bdag 2
1307
2
ibd-bdah 2
beeg-bdah 1
1308
2
baij-bdai 2
bajh-bdai 1
1309
2
je-bdaj 1
hed-bdaj 2
1310
1
bbch-bdba 2
1311
1
jeh-bdbb 2
1312
1
bcgf-bdbc 2
1314
1
hh-bdbe 2
1315
1
hf-bdbf 2
1316
3
ddc-bdbg 1
hdj-bdbg 1
bfii-bdbg 2
1317
1
jhg-bdbh 2
1318
2
dbc-bdbi 2
bfbc-bdbi 1
1319
4
dhe-bdbj 1
gid-bdbj 2
jfa-bdbj 1
bbci-bdbj 1
1320
1
fej-bdca 2
1321
2
cii-bdcb 1
ibj-bdcb 2
1322
2
iig-bdcc 1
bdhf-bdcc 2
1323
2
bbcb-bdcd 1
bdgd-bdcd 2
1324
1
jfc-bdce 2
1325
1
faa-bdcf 2
1326
1
bce-bdcg 2
1327
2
cac-bdch 1
hgc-bdch 2
1328
2
ci-bdci 1
efh-bdci 2
1329
2
feb-bdcj 1
jjc-bdcj 2
1330
2
efh-bdda 2
bebj-bdda 1
1331
1
bbbg-bddb 2
1333
2
daa-bddd 1
bcbf-bddd 2
1334
2
bid-bdde 1
jif-bdde 2
1335
3
gig-bddf 1
bbbg-bddf 1
bbcc-bddf 2
1336
1
badj-bddg 2
1337
1
bffa-bddh 2
1338
1
fjg-bddi 2
1339
3
bj-bddj 1
bbbe-bddj 2
bcaf-bddj 1
1340
1
dc-bdea 2
1341
2
jaf-bdeb 1
bdif-bdeb 2
1342
4
cca-bdec 1
ida-bdec 1
bfaf-bdec 2
bfeg-bdec 1
1343
2
bbbi-bded 1
befd-bded 2
1344
3
cgc-bdee 1
gii-bdee 2
bcie-bdee 1
1345
2
hbe-bdef 2
bbeg-bdef 1
1346
3
hdh-bdeg 1
iai-bdeg 1
bgfb-bdeg 2
1347
2
cfc-bdeh 2
ecj-bdeh 1
1348
1
bccd-bdei 2
1349
2
jag-bdej 2
bfaa-bdej 1
1350
3
bje-bdfa 1
hdb-bdfa 2
jjf-bdfa 1
1351
2
icf-bdfb 1
ijg-bdfb 2
1352
1
hdc-bdfc 2
1353
2
bec-bdfd 2
efb-bdfd 1
1354
2
gdf-bdfe 2
bfeg-bdfe 1
1355
1
jga-bdff 2
1356
2
bib-bdfg 1
bdic-bdfg 2
1357
2
bacc-bdfh 2
bege-bdfh 1
1358
2
jcf-bdfi 1
becc-bdfi 2
1359
2
hae-bdfj 2
bbjf-bdfj 1
1360
4
ehh-bdga 1
ihf-bdga 2
bafa-bdga 1
begc-bdga 1
1361
3
fca-bdgb 1
hig-bdgb 1
bead-bdgb 2
1362
2
eba-bdgc 2
bcbd-bdgc 1
1363
2
gbc-bdgd 2
gga-bdgd 1
1364
1
baej-bdge 2
1365
2
fcc-bdgf 1
bfbe-bdgf 2
1366
1
fbh-bdgg 2
1367
2
eea-bdgh 1
ghj-bdgh 2
1368
2
bdj-bdgi 2
bdjb-bdgi 1
1369
2
hhh-bdgj 1
bgdi-bdgj 2
1370
3
daj-bdha 1
gfj-bdha 1
behi-bdha 2
1371
2
haf-bdhb 1
hbh-bdhb 2
1372
2
jei-bdhc 1
bahg-bdhc 2
1373
2
bae-bdhd 1
bcbg-bdhd 2
1374
4
ecc-bdhe 1
jjj-bdhe 1
bagb-bdhe 2
baia-bdhe 1
1375
2
bcdh-bdhf 1
bfae-bdhf 2
1376
1
efd-bdhg 2
1377
1
bdfd-bdhh 2
1378
3
hb-bdhi 1
ccf-bdhi 2
ihe-bdhi 1
1379
1
iah-bdhj 2
1380
2
jgg-bdia 2
bgff-bdia 1
1381
1
bcfi-bdib 2
1382
1
hhg-bdic 2
1383
1
beh-bdid 2
1384
1
igc-bdie 2
1385
2
f-bdif 1
fgc-bdif 2
1386
2
bajc-bdig 1
bdge-bdig 2
1387
1
ijf-bdih 2
1388
2
cch-bdii 2
fbg-bdii 1
1389
1
fbg-bdij 2
1390
2
bbhb-bdja 2
bdeb-bdja 1
1391
1
bchd-bdjb 2
1392
2
ifh-bdjc 1
bfbb-bdjc 2
1393
1
eca-bdjd 2
1394
3
cge-bdje 1
bacj-bdje 2
bbjb-bdje 1
1395
1
jig-bdjf 2
1396
1
bdef-bdjg 2
1397
2
baj-bdjh 1
bfdf-bdjh 2
1398
1
egb-bdji 2
1399
2
cb-bdjj 1
bccf-bdjj 2
1400
2
eeb-beaa 1
bcfj-beaa 2
1401
2
baai-beab 1
bdde-beab 2
1403
2
bib-bead 2
bafg-bead 1
1404
1
bdch-beae 2
1405
1
geb-beaf 2
1406
1
cci-beag 2
1407
3
jie-beah 1
bche-beah 1
bgfc-beah 2
1408
1
ida-beai 2
1409
2
dea-beaj 2
bcea-beaj 1
1410
3
bbf-beba 2
bfg-beba 1
bbcb-beba 1
1411
1
bgf-bebb 2
1412
1
bbah-bebc 2
1413
2
babc-bebd 1
bejj-bebd 2
1414
1
bccd-bebe 2
1415
2
ghb-bebf 1
bbfj-bebf 2
1416
1
idj-bebg 2
1417
2
dag-bebh 2
bbgc-bebh 2
1418
1
fad-bebi 2
1419
1
bbec-bebj 2
1420
2
ddg-beca 1
jjf-beca 2
1421
3
bcg-becb 1
jed-becb 1
bfbj-becb 2
1422
2
bcc-becc 1
haf-becc 2
1423
2
fba-becd 1
bbii-becd 2
1424
1
fii-bece 2
1425
2
fed-becf 1
hce-becf 2
1426
1
bagi-becg 2
1427
1
dfj-bech 2
1428
1
bbgj-beci 2
1429
2
hec-becj 2
bdbi-becj 1
1430
3
bc-beda 1
cbd-beda 1
bfhh-beda 2
1431
1
bebd-bedb 2
1432
2
baic-bedc 1
bfaj-bedc 2
1433
1
ceg-bedd 2
1434
2
hf-bede 1
bbda-bede 2
1435
2
djf-bedf 1
ebh-bedf 2
1436
1
jbg-bedg 2
1437
2
baha-bedh 1
bgai-bedh 2
1438
2
iib-bedi 2
bfba-bedi 1
1439
1
igd-bedj 2
1441
2
hcf-beeb 2
bbee-beeb 1
1442
1
jba-beec 2
1443
3
dgj-beed 1
becd-beed 2
bfih-beed 1
1444
2
eff-beee 2
hhc-beee 1
1445
2
hhf-beef 1
icf-beef 2
1446
3
he-beeg 1
bdeb-beeg 2
befc-beeg 1
1447
1
bdgc-beeh 2
1448
1
bdcg-beei 2
1449
1
cge-beej 2
1450
2
cbc-befa 2
ebe-befa 1
1451
1
babd-befb 2
1452
1
bchf-befc 2
1453
3
chj-befd 1
dci-befd 1
iia-befd 2
1454
1
fif-befe 2
1455
2
hc-beff 1
fid-beff 2
1456
1
bah-befg 2
1457
1
heh-befh 2
1458
1
bahf-befi 2
1459
1
bdgc-befj 2
1460
1
gca-bega 2
1461
1
iie-begb 2
1462
2
ghf-begc 1
bgad-begc 2
1463
1
bdgi-begd 2
1464
2
babb-bege 2
bdci-bege 1
1466
2
ifb-begg 2
bfai-begg 1
1467
1
eac-begh 2
1468
1
cff-begi 2
1469
2
eef-begj 1
bbfb-begj 2
1470
3
cji-beha 1
hcj-beha 2
bebd-beha 1
1471
1
bfdh-behb 2
1472
1
ifa-behc 2
1473
1
eda-behd 2
1474
3
ihd-behe 1
baja-behe 1
bgaa-behe 2
1475
1
hdf-behf 2
1476
1
iei-behg 2
1477
1
bcgg-behh 2
1478
2
bjh-behi 1
bgde-behi 2
1479
3
dbd-behj 2
dcd-behj 1
ihb-behj 1
1480
1
ffd-beia 2
1481
1
bdaj-beib 2
1482
3
dg-beic 2
ec-beic 1
bbb-beic 1
1483
2
iai-beid 2
bdje-beid 1
1485
3
cii-beif 1
gab-beif 2
hfb-beif 1
1486
2
baf-beig 1
bedd-beig 2
1487
2
dcc-beih 1
ijd-beih 2
1488
1
cbe-beii 2
1489
2
bah-beij 2
che-beij 1
1490
1
cid-beja 2
1491
1
bace-bejb 2
1493
1
badc-bejd 2
1494
1
baag-beje 2
1495
1
jhi-bejf 2
1496
2
cha-bejg 1
bcag-bejg 2
1497
1
bdaa-bejh 2
1498
2
dcf-beji 2
ifa-beji 1
1499
1
cdg-bejj 2
1500
2
bhf-bfaa 1
ccd-bfaa 2
1501
1
fbi-bfab 2
1503
1
jhc-bfad 2
1504
3
bai-bfae 1
ecc-bfae 2
bfah-bfae 1
1505
2
hbb-bfaf 1
bedh-bfaf 2
1506
2
jai-bfag 2
bdad-bfag 1
1507
1
jbf-bfah 2
1508
1
bcaj-bfai 2
1509
1
bcjd-bfaj 2
1510
1
bdgg-bfba 2
1511
1
hda-bfbb 2
1512
1
ijd-bfbc 2
1513
3
dcg-bfbd 1
fia-bfbd 2
bbjd-bfbd 1
1514
1
behh-bfbe 2
1515
2
efe-bfbf 2
bdga-bfbf 1
1516
1
hih-bfbg 2
1518
1
jjc-bfbi 2
1519
1
beif-bfbj 2
1520
1
ghc-bfca 2
1521
3
gaj-bfcb 2
gfa-bfcb 1
bbba-bfcb 1
1522
1
gga-bfcc 2
1523
3
ggc-bfcd 1
bcdc-bfcd 1
bdbj-bfcd 2
1524
1
jh-bfce 2
1525
1
bca-bfcf 2
1526
3
cjc-bfcg 2
bfgg-bfcg 1
bgdj-bfcg 1
1527
1
bafe-bfch 2
1528
1
fjb-bfci 2
1529
2
gh-bfcj 1
dif-bfcj 2
1530
2
baai-bfda 2
bgce-bfda 1
1531
1
iih-bfdb 2
1532
1
bfbc-bfdc 2
1534
1
jgf-bfde 2
1535
1
ddf-bfdf 2
1536
1
bdfi-bfdg 2
1537
1
bdec-bfdh 2
1538
2
fgc-bfdi 2
ihc-bfdi 1
1539
2
dgg-bfdj 1
bddd-bfdj 2
1540
1
jdg-bfea 2
1541
1
ggf-bfeb 2
1542
2
edg-bfec 2
bdge-bfec 1
1543
2
iea-bfed 1
iia-bfed 2
1544
2
dae-bfee 1
fhi-bfee 2
1545
4
faa-bfef 1
ied-bfef 2
bgaf-bfef 1
bgda-bfef 1
1546
1
dfb-bfeg 2
1547
1
fdc-bfeh 2
1548
1
cbf-bfei 2
1549
1
bdia-bfej 2
1550
1
iab-bffa 2
1551
1
bda-bffb 2
1552
1
iai-bffc 2
1553
1
egi-bffd 2
1555
1
becg-bfff 2
1556
1
gci-bffg 2
1557
1
ghi-bffh 2
1558
1
ed-bffi 2
1559
1
eda-bffj 2
1560
2
bfj-bfga 2
dcg-bfga 2
1561
2
bcfj-bfgb 1
beif-bfgb 2
1562
1
bdac-bfgc 2
1563
1
ihj-bfgd 2
1564
1
chj-bfge 2
1565
2
eig-bfgf 1
bgga-bfgf 2
1566
1
ec-bfgg 2
1567
1
bbie-bfgh 2
1568
3
fea-bfgi 1
bgee-bfgi 1
bgej-bfgi 2
1570
1
cga-bfha 2
1571
1
bhg-bfhb 2
1572
1
dgd-bfhc 2
1573
1
bdgb-bfhd 2
1574
1
bfi-bfhe 2
1575
2
ded-bfhf 1
jjj-bfhf 2
1576
2
ibi-bfhg 1
bfhi-bfhg 2
1577
1
ibh-bfhh 2
1578
1
ice-bfhi 2
1579
2
gih-bfhj 1
bejj-bfhj 2
1580
1
df-bfia 2
1581
1
bdca-bfib 2
1582
2
igc-bfic 2
bgfg-bfic 1
1583
1
hfa-bfid 2
1584
1
ceh-bfie 2
1585
2
caa-bfif 1
dfi-bfif 2
1587
1
cif-bfih 2
1588
2
edc-bfii 1
hjg-bfii 2
1589
1
gih-bfij 2
1590
1
bie-bfja 2
1591
1
icj-bfjb 2
1592
1
bej-bfjc 2
1593
1
bajd-bfjd 2
1594
1
bfba-bfje 2
1595
1
cdg-bfjf 2
1596
1
bdej-bfjg 2
1597
1
bcga-bfjh 2
1599
1
hhg-bfjj 2
1600
1
bcdd-bgaa 2
1601
1
fga-bgab 2
1602
1
babg-bgac 2
1603
1
bdba-bgad 2
1604
1
bajd-bgae 2
1605
1
beab-bgaf 2
1606
1
bed-bgag 2
1607
1
bdhi-bgah 2
1608
1
baji-bgai 2
1609
1
egb-bgaj 2
1610
1
ddd-bgba 2
1611
1
dib-bgbb 2
1612
1
bba-bgbc 2
1613
2
bfb-bgbd 1
bfje-bgbd 2
1614
1
bfhe-bgbe 2
1615
1
bbfa-bgbf 2
1616
1
dff-bgbg 2
1617
2
ece-bgbh 1
bgfh-bgbh 2
1618
1
bfjc-bgbi 2
1619
1
cbj-bgbj 2
1620
1
hjh-bgca 2
1621
1
icd-bgcb 2
1622
2
dga-bgcc 2
bdbe-bgcc 1
1624
1
bacd-bgce 2
1625
1
cib-bgcf 2
1626
1
cba-bgcg 2
1627
1
cga-bgch 2
1628
2
bda-bgci 1
hje-bgci 2
1629
1
beeg-bgcj 2
1630
1
bcai-bgda 2
1631
1
jdd-bgdb 2
1632
1
gbb-bgdc 2
1633
3
bhf-bgdd 1
ede-bgdd 2
bffd-bgdd 1
1634
1
beic-bgde 2
1635
1
bbia-bgdf 2
1636
1
baf-bgdg 2
1637
1
hhh-bgdh 2
1638
2
jdi-bgdi 1
bach-bgdi 2
1639
1
jdb-bgdj 2
1640
1
bcia-bgea 2
1641
1
ega-bgeb 2
1642
2
djd-bgec 2
bacg-bgec 1
1643
1
behi-bged 2
1644
1
hjf-bgee 2
1645
1
fed-bgef 2
1646
1
baca-bgeg 2
1647
1
bece-bgeh 2
1648
1
bgca-bgei 2
1649
1
jej-bgej 2
1650
1
bddj-bgfa 2
1651
1
bhh-bgfb 2
1652
1
bfjg-bgfc 2
1653
2
ddb-bgfd 1
gif-bgfd 2
1654
1
bfcf-bgfe 2
1655
1
bcgh-bgff 2
1656
1
bce-bgfg 2
1657
1
bgbi-bgfh 2
1658
1
bie-bgfi 2
1659
1
eef-bgfj 2
1660
1
bdhi-bgga 2
1661
1
bdhg-bggb 2
